2024-07-17 15:59:40.562 [info] (Client) Pylance async client (2024.7.1) started with python extension (2024.10.0)
2024-07-17 15:59:42.165 [info] [Info  - 15:59:42] (12130) Pylance language server 2024.7.1 (pyright version 1.1.369, commit 1168be71) starting
2024-07-17 15:59:42.166 [info] [Info  - 15:59:42] (12130) Server root directory: file:///home/jaram/.vscode-server/extensions/ms-python.vscode-pylance-2024.7.1/dist
2024-07-17 15:59:42.166 [info] [Info  - 15:59:42] (12130) Starting service instance "jaram"
2024-07-17 15:59:42.430 [info] [Info  - 15:59:42] (12130) Setting pythonPath for service "jaram": "/home/jaram/myenv/bin/python"
2024-07-17 15:59:42.433 [info] [Info  - 15:59:42] (12130) Setting environmentName for service "jaram": "3.11.2 (myenv venv)"
2024-07-17 15:59:42.436 [info] [Info  - 15:59:42] (12130) No include entries specified; assuming /home/jaram
2024-07-17 15:59:42.439 [info] [Info  - 15:59:42] (12130) Auto-excluding **/node_modules
2024-07-17 15:59:42.447 [info] [Info  - 15:59:42] (12130) Auto-excluding **/__pycache__
2024-07-17 15:59:42.457 [info] [Info  - 15:59:42] (12130) Auto-excluding **/.*
2024-07-17 15:59:42.550 [info] [Info  - 15:59:42] (12130) Assuming Python version 3.11.2.final.0
2024-07-17 15:59:42.815 [info] [Info  - 15:59:42] (12130) Auto-excluding /home/jaram/iot
2024-07-17 15:59:42.820 [info] [Info  - 15:59:42] (12130) Auto-excluding /home/jaram/myenv
2024-07-17 15:59:42.859 [info] [Info  - 15:59:42] (12130) Found 8 source files
2024-07-17 15:59:44.239 [info] [Info  - 15:59:44] (12130) Background analysis(1) root directory: file:///home/jaram/.vscode-server/extensions/ms-python.vscode-pylance-2024.7.1/dist
2024-07-17 15:59:44.252 [info] [Info  - 15:59:44] (12130) Background analysis(1) started
2024-07-17 15:59:44.968 [info] [Info  - 15:59:44] (12130) Indexer background runner(2) root directory: file:///home/jaram/.vscode-server/extensions/ms-python.vscode-pylance-2024.7.1/dist (index)
2024-07-17 15:59:44.969 [info] [Info  - 15:59:44] (12130) Indexing(2) started
2024-07-17 15:59:48.099 [info] [Info  - 15:59:48] (12130) [BG(1)] Long operation: analyzing: file:///home/jaram/projects/trial_a.py (2935ms)
2024-07-17 15:59:48.146 [info] [Info  - 15:59:48] (12130) [IDX(2)] Long operation: scan packages file:///home/jaram (2530ms)
2024-07-17 15:59:48.147 [info] [Info  - 15:59:48] (12130) scanned(2) 21 files over 1 exec env
2024-07-17 15:59:48.975 [info] [Info  - 15:59:48] (12130) indexed(2) 9 files over 1 exec env
2024-07-17 15:59:49.102 [info] [Info  - 15:59:49] (12130) Indexing finished(2).
