2024-07-17 15:22:11.022 [info] (Client) Pylance async client (2024.7.1) started with python extension (2024.10.0)
2024-07-17 15:22:12.744 [info] [Info  - 15:22:12] (1150) Server root directory: file:///home/jaram/.vscode-server/extensions/ms-python.vscode-pylance-2024.7.1/dist
2024-07-17 15:22:12.746 [info] [Info  - 15:22:12] (1150) Experimental Pylance language server 2024.7.1 (pyright version 1.1.369, commit 1168be71) starting
2024-07-17 15:22:12.748 [info] [Info  - 15:22:12] (1150) Starting service instance "jaram"
2024-07-17 15:22:12.909 [info] [Info  - 15:22:12] (1150) Setting pythonPath for service "jaram": "/bin/python"
2024-07-17 15:22:12.911 [info] [Info  - 15:22:12] (1150) Setting environmentName for service "jaram": "3.11.2 (글로벌)"
2024-07-17 15:22:12.912 [info] [Info  - 15:22:12] (1150) No include entries specified; assuming /home/jaram
2024-07-17 15:22:12.916 [info] [Info  - 15:22:12] (1150) Auto-excluding **/node_modules
2024-07-17 15:22:12.917 [info] [Info  - 15:22:12] (1150) Auto-excluding **/__pycache__
2024-07-17 15:22:12.918 [info] [Info  - 15:22:12] (1150) Auto-excluding **/.*
2024-07-17 15:22:13.038 [info] [Info  - 15:22:13] (1150) Assuming Python version 3.11.2.final.0
2024-07-17 15:22:13.297 [info] [Info  - 15:22:13] (1150) Auto-excluding /home/jaram/myenv
2024-07-17 15:22:13.333 [info] [Info  - 15:22:13] (1150) Found 8 source files
2024-07-17 15:22:14.818 [info] [Info  - 15:22:14] (1150) Background analysis(1) root directory: file:///home/jaram/.vscode-server/extensions/ms-python.vscode-pylance-2024.7.1/dist
2024-07-17 15:22:15.028 [info] [Info  - 15:22:15] (1150) Background analysis(1) started
2024-07-17 15:22:15.394 [info] [Info  - 15:22:15] (1150) Indexer background runner(2) root directory: file:///home/jaram/.vscode-server/extensions/ms-python.vscode-pylance-2024.7.1/dist (index)
2024-07-17 15:22:15.394 [info] [Info  - 15:22:15] (1150) Indexing(2) started
2024-07-17 15:22:18.511 [info] [Info  - 15:22:18] (1150) [IDX(2)] Long operation: scan packages file:///home/jaram (2797ms)
2024-07-17 15:22:18.511 [info] [Info  - 15:22:18] (1150) scanned(2) 66 files over 1 exec env
2024-07-17 15:22:18.571 [info] [Info  - 15:22:18] (1150) [BG(1)] Long operation: checking: file:///home/jaram/projects/trial_b.py (2065ms)
2024-07-17 15:22:18.571 [info] [Info  - 15:22:18] (1150) [BG(1)] Long operation: analyzing: file:///home/jaram/projects/trial_b.py (2136ms)
2024-07-17 15:22:19.582 [info] [Info  - 15:22:19] (1150) indexed(2) 50 files over 1 exec env
2024-07-17 15:22:19.712 [info] [Info  - 15:22:19] (1150) Indexing finished(2).
