2024-07-17 15:17:12.463 [info] (Client) Pylance async client (2024.7.1) started with python extension (2024.10.0)
2024-07-17 15:17:14.234 [info] [Info  - 15:17:14] (1058) Server root directory: file:///home/jaram/.vscode-server/extensions/ms-python.vscode-pylance-2024.7.1/dist
2024-07-17 15:17:14.258 [info] [Info  - 15:17:14] (1058) Experimental Pylance language server 2024.7.1 (pyright version 1.1.369, commit 1168be71) starting
2024-07-17 15:17:14.260 [info] [Info  - 15:17:14] (1058) Starting service instance "jaram"
2024-07-17 15:17:14.449 [info] [Info  - 15:17:14] (1058) Setting pythonPath for service "jaram": "/bin/python"
2024-07-17 15:17:14.449 [info] [Info  - 15:17:14] (1058) Setting environmentName for service "jaram": "3.11.2 (글로벌)"
2024-07-17 15:17:14.450 [info] [Info  - 15:17:14] (1058) No include entries specified; assuming /home/jaram
2024-07-17 15:17:14.450 [info] [Info  - 15:17:14] (1058) Auto-excluding **/node_modules
2024-07-17 15:17:14.452 [info] [Info  - 15:17:14] (1058) Auto-excluding **/__pycache__
2024-07-17 15:17:14.453 [info] [Info  - 15:17:14] (1058) Auto-excluding **/.*
2024-07-17 15:17:14.548 [info] [Info  - 15:17:14] (1058) Assuming Python version 3.11.2.final.0
2024-07-17 15:17:14.805 [info] [Info  - 15:17:14] (1058) Auto-excluding /home/jaram/myenv
2024-07-17 15:17:14.844 [info] [Info  - 15:17:14] (1058) Found 8 source files
2024-07-17 15:17:16.371 [info] [Info  - 15:17:16] (1058) Background analysis(1) root directory: file:///home/jaram/.vscode-server/extensions/ms-python.vscode-pylance-2024.7.1/dist
2024-07-17 15:17:16.373 [info] [Info  - 15:17:16] (1058) Background analysis(1) started
2024-07-17 15:17:17.107 [info] [Info  - 15:17:17] (1058) Indexer background runner(2) root directory: file:///home/jaram/.vscode-server/extensions/ms-python.vscode-pylance-2024.7.1/dist (index)
2024-07-17 15:17:17.107 [info] [Info  - 15:17:17] (1058) Indexing(2) started
2024-07-17 15:17:19.786 [info] [Info  - 15:17:19] (1058) [IDX(2)] Long operation: scan packages file:///home/jaram (2348ms)
2024-07-17 15:17:19.786 [info] [Info  - 15:17:19] (1058) scanned(2) 66 files over 1 exec env
2024-07-17 15:17:20.785 [info] [Info  - 15:17:20] (1058) indexed(2) 50 files over 1 exec env
2024-07-17 15:17:20.930 [info] [Info  - 15:17:20] (1058) Indexing finished(2).
