2024-07-17 15:25:00.776 [info] Starting Python Locator /home/jaram/.vscode-server/extensions/ms-python.python-2024.10.0-linux-arm64/python-env-tools/bin/pet server
2024-07-17 15:25:00.776 [info] Started Refreshing Environments
2024-07-17 15:25:00.776 [info] Discovered env: /home/jaram/myenv/bin/python
2024-07-17 15:25:02.325 [info] Discovered env: /home/jaram/.venv/bin/python
2024-07-17 15:25:02.958 [info] Discovered env: /usr/bin/python
2024-07-17 15:25:02.974 [info] Discovered env: /bin/python
2024-07-17 15:25:04.321 [info] Locator Conda took 20.194ms
2024-07-17 15:25:04.321 [info] Locator Homebrew took 111.963µs
2024-07-17 15:25:04.321 [info] Locator LinuxGlobalPython took 468.118111ms
2024-07-17 15:25:04.322 [info] Locator PipEnv took 944ns
2024-07-17 15:25:04.322 [info] Locator Poetry took 202.277µs
2024-07-17 15:25:04.322 [info] Locator PyEnv took 904.741µs
2024-07-17 15:25:04.322 [info] Locator Venv took 574ns
2024-07-17 15:25:04.322 [info] Locator VirtualEnv took 759ns
2024-07-17 15:25:04.322 [info] Locator VirtualEnvWrapper took 796ns
2024-07-17 15:25:04.322 [info] Environments found using locators in 480.300592ms
2024-07-17 15:25:04.323 [info] Environments in PATH found in 811.825815ms
2024-07-17 15:25:04.323 [info] Environments in global virtual env paths found in 127.241µs
2024-07-17 15:25:04.323 [info] Environments in custom search paths found in 151.562055ms
2024-07-17 15:25:04.324 [info] Refresh completed in 812ms
