2024-07-17 17:00:05.812 [info] (Client) Pylance async client (2024.7.1) started with python extension (2024.10.0)
2024-07-17 17:00:07.603 [info] [Info  - 17:00:07] (1142) Server root directory: file:///home/jaram/.vscode-server/extensions/ms-python.vscode-pylance-2024.7.1/dist
2024-07-17 17:00:07.620 [info] [Info  - 17:00:07] (1142) Experimental Pylance language server 2024.7.1 (pyright version 1.1.369, commit 1168be71) starting
2024-07-17 17:00:07.621 [info] [Info  - 17:00:07] (1142) Starting service instance "jaram"
2024-07-17 17:00:07.821 [info] [Info  - 17:00:07] (1142) Setting pythonPath for service "jaram": "/bin/python"
2024-07-17 17:00:07.822 [info] [Info  - 17:00:07] (1142) Setting environmentName for service "jaram": "3.11.2 (글로벌)"
2024-07-17 17:00:07.822 [info] [Info  - 17:00:07] (1142) No include entries specified; assuming /home/jaram
2024-07-17 17:00:07.823 [info] [Info  - 17:00:07] (1142) Auto-excluding **/node_modules
2024-07-17 17:00:07.823 [info] [Info  - 17:00:07] (1142) Auto-excluding **/__pycache__
2024-07-17 17:00:07.823 [info] [Info  - 17:00:07] (1142) Auto-excluding **/.*
2024-07-17 17:00:07.912 [info] [Info  - 17:00:07] (1142) Assuming Python version 3.11.2.final.0
2024-07-17 17:00:08.229 [info] [Info  - 17:00:08] (1142) Auto-excluding /home/jaram/iot
2024-07-17 17:00:08.232 [info] [Info  - 17:00:08] (1142) Auto-excluding /home/jaram/myenv
2024-07-17 17:00:08.274 [info] [Info  - 17:00:08] (1142) Found 8 source files
2024-07-17 17:00:09.643 [info] [Info  - 17:00:09] (1142) Background analysis(1) root directory: file:///home/jaram/.vscode-server/extensions/ms-python.vscode-pylance-2024.7.1/dist
2024-07-17 17:00:09.661 [info] [Info  - 17:00:09] (1142) Background analysis(1) started
2024-07-17 17:00:10.714 [info] [Info  - 17:00:10] (1142) Indexer background runner(2) root directory: file:///home/jaram/.vscode-server/extensions/ms-python.vscode-pylance-2024.7.1/dist (index)
2024-07-17 17:00:10.714 [info] [Info  - 17:00:10] (1142) Indexing(2) started
2024-07-17 17:00:13.161 [info] [Info  - 17:00:13] (1142) [BG(1)] Long operation: checking: file:///home/jaram/projects/trial_b.py (2067ms)
2024-07-17 17:00:13.162 [info] [Info  - 17:00:13] (1142) [BG(1)] Long operation: analyzing: file:///home/jaram/projects/trial_b.py (2138ms)
2024-07-17 17:00:13.934 [info] [Info  - 17:00:13] (1142) [IDX(2)] Long operation: scan packages file:///home/jaram (2804ms)
2024-07-17 17:00:13.935 [info] [Info  - 17:00:13] (1142) scanned(2) 80 files over 1 exec env
2024-07-17 17:00:15.068 [info] [Info  - 17:00:15] (1142) indexed(2) 58 files over 1 exec env
2024-07-17 17:00:15.327 [info] [Info  - 17:00:15] (1142) Indexing finished(2).
