2024-07-18 12:44:24.839 [info] Experiment 'pythonCreateEnvOnPipInstall' is active
2024-07-18 12:44:24.839 [info] Experiment 'pythonRecommendTensorboardExt' is active
2024-07-18 12:44:24.839 [info] Experiment 'pythonTerminalEnvVarActivation' is active
2024-07-18 12:44:24.839 [info] Experiment 'pythonTestAdapter' is active
2024-07-18 12:44:24.839 [error] Reading directory to watch failed [Error: ENOENT: no such file or directory, scandir '/home/jaram/.pixi/envs'
	at Object.readdirSync (node:fs:1515:26)
	at /home/jaram/.vscode-server/extensions/ms-python.python-2024.10.0-linux-arm64/out/client/extension.js:2:574598
	at /home/jaram/.vscode-server/extensions/ms-python.python-2024.10.0-linux-arm64/out/client/extension.js:2:574789
	at Array.map (<anonymous>)
	at d.initWatchers (/home/jaram/.vscode-server/extensions/ms-python.python-2024.10.0-linux-arm64/out/client/extension.js:2:574507)
	at process.processTicksAndRejections (node:internal/process/task_queues:95:5)
	at async d.ensureWatchersReady (/home/jaram/.vscode-server/extensions/ms-python.python-2024.10.0-linux-arm64/out/client/extension.js:2:536827)] {
  errno: -2,
  code: 'ENOENT',
  syscall: 'scandir',
  path: '/home/jaram/.pixi/envs'
}
2024-07-18 12:44:24.839 [error] Dir "/home/jaram/.pixi/envs" is not watchable (directory does not exist)
2024-07-18 12:44:24.839 [info] Default formatter is set to null for workspace /home/jaram
2024-07-18 12:44:24.839 [info] Starting Environment refresh
2024-07-18 12:44:24.839 [info] > pixi --version
2024-07-18 12:44:24.839 [error] [Error: spawn pixi ENOENT
	at ChildProcess._handle.onexit (node:internal/child_process:286:19)
	at onErrorNT (node:internal/child_process:484:16)
	at process.processTicksAndRejections (node:internal/process/task_queues:82:21)] {
  errno: -2,
  code: 'ENOENT',
  syscall: 'spawn pixi',
  path: 'pixi',
  spawnargs: [ '--version' ]
}
2024-07-18 12:44:24.839 [info] > hatch env show --json
2024-07-18 12:44:24.839 [info] cwd: .
2024-07-18 12:44:24.839 [warning] Failed to check if /home/jaram/myenv/bin/python is an executable [Error: ENOENT: no such file or directory, lstat '/home/jaram/myenv/bin/python'] {
  errno: -2,
  code: 'ENOENT',
  syscall: 'lstat',
  path: '/home/jaram/myenv/bin/python'
}
2024-07-18 12:44:24.904 [warning] Identifier for virt-virtualenv failed to identify /home/jaram/myenv/bin/python [Error: ENOENT: no such file or directory, scandir '/home/jaram/myenv/bin'] {
  errno: -2,
  code: 'ENOENT',
  syscall: 'scandir',
  path: '/home/jaram/myenv/bin'
}
2024-07-18 12:44:24.960 [info] > C:\Users\user\AppData\Local\Programs\Python\Python311\python.exe -I ./.vscode-server/extensions/ms-python.python-2024.10.0-linux-arm64/python_files/get_output_via_markers.py ./.vscode-server/extensions/ms-python.python-2024.10.0-linux-arm64/python_files/interpreterInfo.py
2024-07-18 12:44:25.044 [info] > ./myenv/bin/python -I ./.vscode-server/extensions/ms-python.python-2024.10.0-linux-arm64/python_files/get_output_via_markers.py ./.vscode-server/extensions/ms-python.python-2024.10.0-linux-arm64/python_files/interpreterInfo.py
2024-07-18 12:44:25.352 [error] [Error: Command failed: C:\Users\user\AppData\Local\Programs\Python\Python311\python.exe -I /home/jaram/.vscode-server/extensions/ms-python.python-2024.10.0-linux-arm64/python_files/get_output_via_markers.py /home/jaram/.vscode-server/extensions/ms-python.python-2024.10.0-linux-arm64/python_files/interpreterInfo.py
/bin/sh: 1: C:UsersuserAppDataLocalProgramsPythonPython311python.exe: not found

	at ChildProcess.exithandler (node:child_process:422:12)
	at ChildProcess.emit (node:events:530:35)
	at maybeClose (node:internal/child_process:1105:16)
	at Socket.<anonymous> (node:internal/child_process:457:11)
	at Socket.emit (node:events:518:28)
	at Pipe.<anonymous> (node:net:337:12)] {
  code: 127,
  killed: false,
  signal: null,
  cmd: 'C:\\Users\\user\\AppData\\Local\\Programs\\Python\\Python311\\python.exe -I /home/jaram/.vscode-server/extensions/ms-python.python-2024.10.0-linux-arm64/python_files/get_output_via_markers.py /home/jaram/.vscode-server/extensions/ms-python.python-2024.10.0-linux-arm64/python_files/interpreterInfo.py'
}
2024-07-18 12:44:25.383 [error] [Error: Command failed: /home/jaram/myenv/bin/python -I /home/jaram/.vscode-server/extensions/ms-python.python-2024.10.0-linux-arm64/python_files/get_output_via_markers.py /home/jaram/.vscode-server/extensions/ms-python.python-2024.10.0-linux-arm64/python_files/interpreterInfo.py
/bin/sh: 1: /home/jaram/myenv/bin/python: not found

	at ChildProcess.exithandler (node:child_process:422:12)
	at ChildProcess.emit (node:events:530:35)
	at maybeClose (node:internal/child_process:1105:16)
	at Socket.<anonymous> (node:internal/child_process:457:11)
	at Socket.emit (node:events:518:28)
	at Pipe.<anonymous> (node:net:337:12)] {
  code: 127,
  killed: false,
  signal: null,
  cmd: '/home/jaram/myenv/bin/python -I /home/jaram/.vscode-server/extensions/ms-python.python-2024.10.0-linux-arm64/python_files/get_output_via_markers.py /home/jaram/.vscode-server/extensions/ms-python.python-2024.10.0-linux-arm64/python_files/interpreterInfo.py'
}
2024-07-18 12:44:25.430 [info] > ./.venv/bin/python -I ./.vscode-server/extensions/ms-python.python-2024.10.0-linux-arm64/python_files/get_output_via_markers.py ./.vscode-server/extensions/ms-python.python-2024.10.0-linux-arm64/python_files/interpreterInfo.py
2024-07-18 12:44:25.527 [info] > ./cv_env/bin/python -I ./.vscode-server/extensions/ms-python.python-2024.10.0-linux-arm64/python_files/get_output_via_markers.py ./.vscode-server/extensions/ms-python.python-2024.10.0-linux-arm64/python_files/interpreterInfo.py
2024-07-18 12:44:25.547 [info] Environments refresh paths discovered: 1056 milliseconds
2024-07-18 12:44:25.623 [info] > ./iot/bin/python -I ./.vscode-server/extensions/ms-python.python-2024.10.0-linux-arm64/python_files/get_output_via_markers.py ./.vscode-server/extensions/ms-python.python-2024.10.0-linux-arm64/python_files/interpreterInfo.py
2024-07-18 12:44:27.360 [info] > C:\Users\user\AppData\Local\Programs\Python\Python311\python.exe -I ./.vscode-server/extensions/ms-python.python-2024.10.0-linux-arm64/python_files/get_output_via_markers.py ./.vscode-server/extensions/ms-python.python-2024.10.0-linux-arm64/python_files/interpreterInfo.py
2024-07-18 12:44:27.364 [error] [Error: Command failed: C:\Users\user\AppData\Local\Programs\Python\Python311\python.exe -I /home/jaram/.vscode-server/extensions/ms-python.python-2024.10.0-linux-arm64/python_files/get_output_via_markers.py /home/jaram/.vscode-server/extensions/ms-python.python-2024.10.0-linux-arm64/python_files/interpreterInfo.py
/bin/sh: 1: C:UsersuserAppDataLocalProgramsPythonPython311python.exe: not found

	at ChildProcess.exithandler (node:child_process:422:12)
	at ChildProcess.emit (node:events:530:35)
	at maybeClose (node:internal/child_process:1105:16)
	at Socket.<anonymous> (node:internal/child_process:457:11)
	at Socket.emit (node:events:518:28)
	at Pipe.<anonymous> (node:net:337:12)] {
  code: 127,
  killed: false,
  signal: null,
  cmd: 'C:\\Users\\user\\AppData\\Local\\Programs\\Python\\Python311\\python.exe -I /home/jaram/.vscode-server/extensions/ms-python.python-2024.10.0-linux-arm64/python_files/get_output_via_markers.py /home/jaram/.vscode-server/extensions/ms-python.python-2024.10.0-linux-arm64/python_files/interpreterInfo.py'
}
2024-07-18 12:44:27.366 [info] Environments refresh finished (event): 2875 milliseconds
2024-07-18 12:44:27.374 [info] Environment refresh took 2889 milliseconds
2024-07-18 12:44:27.385 [info] > pyenv which python
2024-07-18 12:44:27.385 [info] cwd: .
2024-07-18 12:44:27.393 [info] > ./myenv/bin/python -I ./.vscode-server/extensions/ms-python.python-2024.10.0-linux-arm64/python_files/get_output_via_markers.py ./.vscode-server/extensions/ms-python.python-2024.10.0-linux-arm64/python_files/interpreterInfo.py
2024-07-18 12:44:27.435 [error] [Error: Command failed: /home/jaram/myenv/bin/python -I /home/jaram/.vscode-server/extensions/ms-python.python-2024.10.0-linux-arm64/python_files/get_output_via_markers.py /home/jaram/.vscode-server/extensions/ms-python.python-2024.10.0-linux-arm64/python_files/interpreterInfo.py
/bin/sh: 1: /home/jaram/myenv/bin/python: not found

	at ChildProcess.exithandler (node:child_process:422:12)
	at ChildProcess.emit (node:events:530:35)
	at maybeClose (node:internal/child_process:1105:16)
	at Socket.<anonymous> (node:internal/child_process:457:11)
	at Socket.emit (node:events:518:28)
	at Pipe.<anonymous> (node:net:337:12)] {
  code: 127,
  killed: false,
  signal: null,
  cmd: '/home/jaram/myenv/bin/python -I /home/jaram/.vscode-server/extensions/ms-python.python-2024.10.0-linux-arm64/python_files/get_output_via_markers.py /home/jaram/.vscode-server/extensions/ms-python.python-2024.10.0-linux-arm64/python_files/interpreterInfo.py'
}
2024-07-18 12:44:27.441 [warning] Failed to check if /home/jaram/myenv/bin/python is an executable [Error: ENOENT: no such file or directory, lstat '/home/jaram/myenv/bin/python'] {
  errno: -2,
  code: 'ENOENT',
  syscall: 'lstat',
  path: '/home/jaram/myenv/bin/python'
}
2024-07-18 12:44:27.445 [warning] Identifier for virt-virtualenv failed to identify /home/jaram/myenv/bin/python [Error: ENOENT: no such file or directory, scandir '/home/jaram/myenv/bin'] {
  errno: -2,
  code: 'ENOENT',
  syscall: 'scandir',
  path: '/home/jaram/myenv/bin'
}
2024-07-18 12:44:27.462 [warning] Failed to check if /home/jaram/myenv/bin/python is an executable [Error: ENOENT: no such file or directory, lstat '/home/jaram/myenv/bin/python'] {
  errno: -2,
  code: 'ENOENT',
  syscall: 'lstat',
  path: '/home/jaram/myenv/bin/python'
}
2024-07-18 12:44:27.462 [warning] Failed to check if /home/jaram/myenv/bin/python is an executable [Error: ENOENT: no such file or directory, lstat '/home/jaram/myenv/bin/python'] {
  errno: -2,
  code: 'ENOENT',
  syscall: 'lstat',
  path: '/home/jaram/myenv/bin/python'
}
2024-07-18 12:44:27.468 [warning] Identifier for virt-virtualenv failed to identify /home/jaram/myenv/bin/python [Error: ENOENT: no such file or directory, scandir '/home/jaram/myenv/bin'] {
  errno: -2,
  code: 'ENOENT',
  syscall: 'scandir',
  path: '/home/jaram/myenv/bin'
}
2024-07-18 12:44:27.468 [warning] Identifier for virt-virtualenv failed to identify /home/jaram/myenv/bin/python [Error: ENOENT: no such file or directory, scandir '/home/jaram/myenv/bin'] {
  errno: -2,
  code: 'ENOENT',
  syscall: 'scandir',
  path: '/home/jaram/myenv/bin'
}
2024-07-18 12:44:28.516 [warning] Failed to check if /home/jaram/myenv/bin/python is an executable [Error: ENOENT: no such file or directory, lstat '/home/jaram/myenv/bin/python'] {
  errno: -2,
  code: 'ENOENT',
  syscall: 'lstat',
  path: '/home/jaram/myenv/bin/python'
}
2024-07-18 12:44:28.520 [warning] Identifier for virt-virtualenv failed to identify /home/jaram/myenv/bin/python [Error: ENOENT: no such file or directory, scandir '/home/jaram/myenv/bin'] {
  errno: -2,
  code: 'ENOENT',
  syscall: 'scandir',
  path: '/home/jaram/myenv/bin'
}
2024-07-18 12:44:28.527 [warning] Failed to check if /home/jaram/myenv/bin/python is an executable [Error: ENOENT: no such file or directory, lstat '/home/jaram/myenv/bin/python'] {
  errno: -2,
  code: 'ENOENT',
  syscall: 'lstat',
  path: '/home/jaram/myenv/bin/python'
}
2024-07-18 12:44:28.536 [warning] Identifier for virt-virtualenv failed to identify /home/jaram/myenv/bin/python [Error: ENOENT: no such file or directory, scandir '/home/jaram/myenv/bin'] {
  errno: -2,
  code: 'ENOENT',
  syscall: 'scandir',
  path: '/home/jaram/myenv/bin'
}
2024-07-18 12:44:30.812 [info] Starting Pylance language server.
2024-07-18 12:44:30.827 [warning] Failed to check if /home/jaram/myenv/bin/python is an executable [Error: ENOENT: no such file or directory, lstat '/home/jaram/myenv/bin/python'] {
  errno: -2,
  code: 'ENOENT',
  syscall: 'lstat',
  path: '/home/jaram/myenv/bin/python'
}
2024-07-18 12:44:30.829 [warning] Failed to check if /home/jaram/myenv/bin/python is an executable [Error: ENOENT: no such file or directory, lstat '/home/jaram/myenv/bin/python'] {
  errno: -2,
  code: 'ENOENT',
  syscall: 'lstat',
  path: '/home/jaram/myenv/bin/python'
}
2024-07-18 12:44:30.853 [warning] Failed to check if /home/jaram/myenv/bin/python is an executable [Error: ENOENT: no such file or directory, lstat '/home/jaram/myenv/bin/python'] {
  errno: -2,
  code: 'ENOENT',
  syscall: 'lstat',
  path: '/home/jaram/myenv/bin/python'
}
2024-07-18 12:44:30.871 [warning] Identifier for virt-virtualenv failed to identify /home/jaram/myenv/bin/python [Error: ENOENT: no such file or directory, scandir '/home/jaram/myenv/bin'] {
  errno: -2,
  code: 'ENOENT',
  syscall: 'scandir',
  path: '/home/jaram/myenv/bin'
}
2024-07-18 12:44:30.872 [warning] Identifier for virt-virtualenv failed to identify /home/jaram/myenv/bin/python [Error: ENOENT: no such file or directory, scandir '/home/jaram/myenv/bin'] {
  errno: -2,
  code: 'ENOENT',
  syscall: 'scandir',
  path: '/home/jaram/myenv/bin'
}
2024-07-18 12:44:30.883 [warning] Identifier for virt-virtualenv failed to identify /home/jaram/myenv/bin/python [Error: ENOENT: no such file or directory, scandir '/home/jaram/myenv/bin'] {
  errno: -2,
  code: 'ENOENT',
  syscall: 'scandir',
  path: '/home/jaram/myenv/bin'
}
2024-07-18 12:44:30.903 [warning] Failed to check if /home/jaram/myenv/bin/python is an executable [Error: ENOENT: no such file or directory, lstat '/home/jaram/myenv/bin/python'] {
  errno: -2,
  code: 'ENOENT',
  syscall: 'lstat',
  path: '/home/jaram/myenv/bin/python'
}
2024-07-18 12:44:30.907 [warning] Identifier for virt-virtualenv failed to identify /home/jaram/myenv/bin/python [Error: ENOENT: no such file or directory, scandir '/home/jaram/myenv/bin'] {
  errno: -2,
  code: 'ENOENT',
  syscall: 'scandir',
  path: '/home/jaram/myenv/bin'
}
2024-07-18 12:47:50.900 [warning] Failed to check if /home/jaram/myenv/bin/python is an executable [Error: ENOENT: no such file or directory, lstat '/home/jaram/myenv/bin/python'] {
  errno: -2,
  code: 'ENOENT',
  syscall: 'lstat',
  path: '/home/jaram/myenv/bin/python'
}
2024-07-18 12:47:50.911 [warning] Identifier for virt-virtualenv failed to identify /home/jaram/myenv/bin/python [Error: ENOENT: no such file or directory, scandir '/home/jaram/myenv/bin'] {
  errno: -2,
  code: 'ENOENT',
  syscall: 'scandir',
  path: '/home/jaram/myenv/bin'
}
2024-07-18 12:48:43.273 [info] Discover tests for workspace name: jaram - uri: /home/jaram/projects/trial_b.py
2024-07-18 12:48:46.868 [warning] Failed to check if /home/jaram/myenv/bin/python is an executable [Error: ENOENT: no such file or directory, lstat '/home/jaram/myenv/bin/python'] {
  errno: -2,
  code: 'ENOENT',
  syscall: 'lstat',
  path: '/home/jaram/myenv/bin/python'
}
2024-07-18 12:48:46.873 [warning] Identifier for virt-virtualenv failed to identify /home/jaram/myenv/bin/python [Error: ENOENT: no such file or directory, scandir '/home/jaram/myenv/bin'] {
  errno: -2,
  code: 'ENOENT',
  syscall: 'scandir',
  path: '/home/jaram/myenv/bin'
}
2024-07-18 12:48:47.044 [warning] Failed to check if /home/jaram/myenv/bin/python is an executable [Error: ENOENT: no such file or directory, lstat '/home/jaram/myenv/bin/python'] {
  errno: -2,
  code: 'ENOENT',
  syscall: 'lstat',
  path: '/home/jaram/myenv/bin/python'
}
2024-07-18 12:48:47.051 [warning] Identifier for virt-virtualenv failed to identify /home/jaram/myenv/bin/python [Error: ENOENT: no such file or directory, scandir '/home/jaram/myenv/bin'] {
  errno: -2,
  code: 'ENOENT',
  syscall: 'scandir',
  path: '/home/jaram/myenv/bin'
}
2024-07-18 12:48:56.768 [info] Starting Environment refresh
2024-07-18 12:48:56.768 [info] Searching for interpreters in posix paths locator
2024-07-18 12:48:56.777 [info] Searching for pyenv environments
2024-07-18 12:48:56.778 [info] Searching for conda environments
2024-07-18 12:48:56.780 [info] Searching for global virtual environments
2024-07-18 12:48:56.780 [info] Searching for custom virtual environments
2024-07-18 12:48:56.799 [info] > conda info --json
2024-07-18 12:48:56.811 [info] pyenv is not installed
2024-07-18 12:48:56.811 [info] Finished searching for pyenv environments: 40 milliseconds
2024-07-18 12:48:56.811 [info] Finished searching for custom virtual envs: 35 milliseconds
2024-07-18 12:48:56.812 [warning] Failed to check if /home/jaram/myenv/bin/python is an executable [Error: ENOENT: no such file or directory, lstat '/home/jaram/myenv/bin/python'] {
  errno: -2,
  code: 'ENOENT',
  syscall: 'lstat',
  path: '/home/jaram/myenv/bin/python'
}
2024-07-18 12:48:56.821 [info] Finished searching for global virtual envs: 46 milliseconds
2024-07-18 12:48:56.830 [info] Found: /bin/python --> /bin/python3.11
2024-07-18 12:48:56.834 [info] Found: /bin/python3 --> /bin/python3.11
2024-07-18 12:48:56.835 [info] Found: /bin/python3.11 --> /bin/python3.11
2024-07-18 12:48:56.840 [warning] Identifier for virt-virtualenv failed to identify /home/jaram/myenv/bin/python [Error: ENOENT: no such file or directory, scandir '/home/jaram/myenv/bin'] {
  errno: -2,
  code: 'ENOENT',
  syscall: 'scandir',
  path: '/home/jaram/myenv/bin'
}
2024-07-18 12:48:56.857 [info] Found: /usr/bin/python --> /usr/bin/python3.11
2024-07-18 12:48:56.862 [info] Found: /usr/bin/python3 --> /usr/bin/python3.11
2024-07-18 12:48:56.864 [info] Found: /usr/bin/python3.11 --> /usr/bin/python3.11
2024-07-18 12:48:56.900 [info] Finished searching for interpreters in posix paths locator: 129 milliseconds
2024-07-18 12:48:56.901 [info] > /bin/python -I ./.vscode-server/extensions/ms-python.python-2024.10.0-linux-arm64/python_files/get_output_via_markers.py ./.vscode-server/extensions/ms-python.python-2024.10.0-linux-arm64/python_files/interpreterInfo.py
2024-07-18 12:48:56.919 [info] > /usr/bin/python -I ./.vscode-server/extensions/ms-python.python-2024.10.0-linux-arm64/python_files/get_output_via_markers.py ./.vscode-server/extensions/ms-python.python-2024.10.0-linux-arm64/python_files/interpreterInfo.py
2024-07-18 12:48:56.919 [info] Environments refresh paths discovered (event): 157 milliseconds
2024-07-18 12:48:56.920 [info] Environments refresh paths discovered: 158 milliseconds
2024-07-18 12:48:57.042 [info] Environments refresh finished (event): 280 milliseconds
2024-07-18 12:48:57.063 [info] Environment refresh took 302 milliseconds
2024-07-18 12:49:01.574 [info] Discover tests for workspace name: jaram - uri: /home/jaram
2024-07-18 12:49:01.574 [info] Python interpreter path: ./.venv/bin/python
2024-07-18 12:49:01.576 [warning] could not find a pixi interpreter for the interpreter at /home/jaram/.venv/bin/python
2024-07-18 12:49:01.633 [info] > . ./.venv/bin/activate && echo 'e8b39361-0157-4923-80e1-22d70d46dee6' && python ./.vscode-server/extensions/ms-python.python-2024.10.0-linux-arm64/python_files/printEnvVariables.py
2024-07-18 12:49:01.633 [info] shell: bash
2024-07-18 12:49:01.783 [info] > /bin/python ./.vscode-server/extensions/ms-python.python-2024.10.0-linux-arm64/python_files/printEnvVariables.py
2024-07-18 12:49:01.783 [info] shell: bash
2024-07-18 12:49:01.957 [info] Setting environment variable VIRTUAL_ENV in collection to /home/jaram/.venv {"applyAtShellIntegration":true,"applyAtProcessCreation":true}
2024-07-18 12:49:01.957 [info] Setting environment variable VIRTUAL_ENV_PROMPT in collection to (.venv)  {"applyAtShellIntegration":true,"applyAtProcessCreation":true}
2024-07-18 12:49:01.957 [info] Prepending environment variable PS1 in collection with (.venv)  {"applyAtShellIntegration":true,"applyAtProcessCreation":false}
2024-07-18 12:49:01.957 [info] Prepending environment variable PATH in collection with /home/jaram/.vscode-server/extensions/ms-python.python-2024.10.0-linux-arm64/python_files/deactivate/bash:/home/jaram/.venv/bin: {"applyAtShellIntegration":true,"applyAtProcessCreation":true}
2024-07-18 12:49:01.964 [info] Send text to terminal: /bin/python /home/jaram/.vscode-server/extensions/ms-python.python-2024.10.0-linux-arm64/python_files/printEnvVariablesToFile.py /home/jaram/.vscode-server/extensions/ms-python.python-2024.10.0-linux-arm64/python_files/deactivate/bash/envVars.txt
2024-07-18 12:49:04.080 [info] Send text to terminal:  /usr/bin/env /home/jaram/.venv/bin/python /home/jaram/.vscode-server/extensions/ms-python.debugpy-2024.8.0-linux-arm64/bundled/libs/debugpy/adapter/../../debugpy/launcher 59717 -- /home/jaram/projects/trial_b.py 
2024-07-18 12:51:14.299 [info] > ./myenv/bin/python -I ./.vscode-server/extensions/ms-python.python-2024.10.0-linux-arm64/python_files/get_output_via_markers.py ./.vscode-server/extensions/ms-python.python-2024.10.0-linux-arm64/python_files/interpreterInfo.py
2024-07-18 12:51:14.300 [info] Environments refresh paths discovered: 75 milliseconds
2024-07-18 12:51:14.467 [info] Environments refresh finished (event): 243 milliseconds
2024-07-18 12:51:16.451 [info] Discover tests for workspace name: jaram - uri: /home/jaram
2024-07-18 12:51:16.454 [warning] could not find a pixi interpreter for the interpreter at /home/jaram/myenv/bin/python
2024-07-18 12:51:16.456 [info] Python interpreter path: ./myenv/bin/python
2024-07-18 12:51:16.696 [info] Prepending environment variable PATH in collection with /home/jaram/.vscode-server/extensions/ms-python.python-2024.10.0-linux-arm64/python_files/deactivate/bash:/home/jaram/myenv/bin: {"applyAtShellIntegration":true,"applyAtProcessCreation":true}
2024-07-18 12:51:16.696 [info] Prepending environment variable PS1 in collection with (myenv)  {"applyAtShellIntegration":true,"applyAtProcessCreation":false}
2024-07-18 12:54:26.075 [info] Send text to terminal: /home/jaram/myenv/bin/python /home/jaram/projects/trial_b.py
2024-07-18 12:54:26.225 [info] CreateEnv Trigger - Skipping for /home/jaram/projects/trial_b.py
2024-07-18 12:54:28.677 [info] Send text to terminal: /home/jaram/myenv/bin/python /home/jaram/projects/trial_b.py
2024-07-18 12:56:47.854 [info] Send text to terminal:  /usr/bin/env /home/jaram/myenv/bin/python /home/jaram/.vscode-server/extensions/ms-python.debugpy-2024.8.0-linux-arm64/bundled/libs/debugpy/adapter/../../debugpy/launcher 36401 -- /home/jaram/projects/trial_b.py 
2024-07-18 12:59:20.431 [info] Send text to terminal:  /usr/bin/env /home/jaram/myenv/bin/python /home/jaram/.vscode-server/extensions/ms-python.debugpy-2024.8.0-linux-arm64/bundled/libs/debugpy/adapter/../../debugpy/launcher 33547 -- /home/jaram/cv_env/test.py 
2024-07-18 13:00:56.947 [info] Send text to terminal: 
2024-07-18 13:00:57.148 [info] Send text to terminal:  cd /home/jaram ; /usr/bin/env /home/jaram/myenv/bin/python /home/jaram/.vscode-server/extensions/ms-python.debugpy-2024.8.0-linux-arm64/bundled/libs/debugpy/adapter/../../debugpy/launcher 39859 -- /home/jaram/cv_env/test.py 
