2024-07-17 16:03:10.980 [info] Experiment 'pythonCreateEnvOnPipInstall' is active
2024-07-17 16:03:10.980 [info] Experiment 'pythonRecommendTensorboardExt' is active
2024-07-17 16:03:10.980 [info] Experiment 'pythonTerminalEnvVarActivation' is active
2024-07-17 16:03:10.980 [info] Experiment 'pythonTestAdapter' is active
2024-07-17 16:03:10.980 [error] Reading directory to watch failed [Error: ENOENT: no such file or directory, scandir '/home/jaram/.pixi/envs'
	at Object.readdirSync (node:fs:1515:26)
	at /home/jaram/.vscode-server/extensions/ms-python.python-2024.10.0-linux-arm64/out/client/extension.js:2:574598
	at /home/jaram/.vscode-server/extensions/ms-python.python-2024.10.0-linux-arm64/out/client/extension.js:2:574789
	at Array.map (<anonymous>)
	at d.initWatchers (/home/jaram/.vscode-server/extensions/ms-python.python-2024.10.0-linux-arm64/out/client/extension.js:2:574507)
	at process.processTicksAndRejections (node:internal/process/task_queues:95:5)
	at async d.ensureWatchersReady (/home/jaram/.vscode-server/extensions/ms-python.python-2024.10.0-linux-arm64/out/client/extension.js:2:536827)] {
  errno: -2,
  code: 'ENOENT',
  syscall: 'scandir',
  path: '/home/jaram/.pixi/envs'
}
2024-07-17 16:03:10.980 [error] Dir "/home/jaram/.pixi/envs" is not watchable (directory does not exist)
2024-07-17 16:03:13.043 [info] Default formatter is set to null for workspace /home/jaram
2024-07-17 16:03:14.210 [info] Python interpreter path: ./myenv/bin/python
2024-07-17 16:03:14.564 [info] > pyenv which python
2024-07-17 16:03:14.564 [info] cwd: .
2024-07-17 16:03:15.597 [info] > pixi --version
2024-07-17 16:03:15.600 [error] [Error: spawn pixi ENOENT
	at ChildProcess._handle.onexit (node:internal/child_process:286:19)
	at onErrorNT (node:internal/child_process:484:16)
	at process.processTicksAndRejections (node:internal/process/task_queues:82:21)] {
  errno: -2,
  code: 'ENOENT',
  syscall: 'spawn pixi',
  path: 'pixi',
  spawnargs: [ '--version' ]
}
2024-07-17 16:03:15.600 [warning] could not find a pixi interpreter for the interpreter at /home/jaram/myenv/bin/python
2024-07-17 16:03:16.189 [info] > . ./myenv/bin/activate && echo 'e8b39361-0157-4923-80e1-22d70d46dee6' && python ./.vscode-server/extensions/ms-python.python-2024.10.0-linux-arm64/python_files/printEnvVariables.py
2024-07-17 16:03:16.189 [info] shell: bash
2024-07-17 16:03:16.294 [info] > /bin/python ./.vscode-server/extensions/ms-python.python-2024.10.0-linux-arm64/python_files/printEnvVariables.py
2024-07-17 16:03:16.294 [info] shell: bash
2024-07-17 16:03:16.382 [info] Setting environment variable VIRTUAL_ENV in collection to /home/jaram/myenv {"applyAtShellIntegration":true,"applyAtProcessCreation":true}
2024-07-17 16:03:16.382 [info] Setting environment variable VIRTUAL_ENV_PROMPT in collection to (myenv)  {"applyAtShellIntegration":true,"applyAtProcessCreation":true}
2024-07-17 16:03:16.382 [info] Prepending environment variable PS1 in collection with (myenv)  {"applyAtShellIntegration":true,"applyAtProcessCreation":false}
2024-07-17 16:03:16.382 [info] Prepending environment variable PATH in collection with /home/jaram/.vscode-server/extensions/ms-python.python-2024.10.0-linux-arm64/python_files/deactivate/bash:/home/jaram/myenv/bin: {"applyAtShellIntegration":true,"applyAtProcessCreation":true}
2024-07-17 16:03:16.386 [info] Send text to terminal: /bin/python /home/jaram/.vscode-server/extensions/ms-python.python-2024.10.0-linux-arm64/python_files/printEnvVariablesToFile.py /home/jaram/.vscode-server/extensions/ms-python.python-2024.10.0-linux-arm64/python_files/deactivate/bash/envVars.txt
2024-07-17 16:03:18.458 [info] Starting Pylance language server.
2024-07-17 16:05:48.717 [info] Send text to terminal:  /usr/bin/env /home/jaram/myenv/bin/python /home/jaram/.vscode-server/extensions/ms-python.debugpy-2024.8.0-linux-arm64/bundled/libs/debugpy/adapter/../../debugpy/launcher 52157 -- /home/jaram/projects/trial_a.py 
2024-07-17 16:06:24.798 [info] Send text to terminal: /home/jaram/myenv/bin/python /home/jaram/projects/trial_a.py
2024-07-17 16:06:24.982 [info] CreateEnv Trigger - Skipping for /home/jaram/projects/trial_a.py
2024-07-17 16:06:32.211 [info] Send text to terminal: 
2024-07-17 16:06:32.412 [info] Send text to terminal:  cd /home/jaram ; /usr/bin/env /home/jaram/myenv/bin/python /home/jaram/.vscode-server/extensions/ms-python.debugpy-2024.8.0-linux-arm64/bundled/libs/debugpy/adapter/../../debugpy/launcher 56327 -- /home/jaram/projects/trial_a.py 
