2024-07-18 13:06:16.511 [info] Experiment 'pythonaacf' is active
2024-07-18 13:06:16.511 [info] Experiment 'pythonCreateEnvOnPipInstall' is active
2024-07-18 13:06:16.511 [info] Experiment 'pythonRecommendTensorboardExt' is active
2024-07-18 13:06:16.511 [info] Experiment 'pythonTerminalEnvVarActivation' is active
2024-07-18 13:06:16.511 [info] Experiment 'pythonTestAdapter' is active
2024-07-18 13:06:16.511 [error] Reading directory to watch failed [Error: ENOENT: no such file or directory, scandir '/home/jaram/.pixi/envs'
	at Object.readdirSync (node:fs:1515:26)
	at /home/jaram/.vscode-server/extensions/ms-python.python-2024.10.0-linux-arm64/out/client/extension.js:2:574598
	at /home/jaram/.vscode-server/extensions/ms-python.python-2024.10.0-linux-arm64/out/client/extension.js:2:574789
	at Array.map (<anonymous>)
	at d.initWatchers (/home/jaram/.vscode-server/extensions/ms-python.python-2024.10.0-linux-arm64/out/client/extension.js:2:574507)
	at process.processTicksAndRejections (node:internal/process/task_queues:95:5)
	at async d.ensureWatchersReady (/home/jaram/.vscode-server/extensions/ms-python.python-2024.10.0-linux-arm64/out/client/extension.js:2:536827)] {
  errno: -2,
  code: 'ENOENT',
  syscall: 'scandir',
  path: '/home/jaram/.pixi/envs'
}
2024-07-18 13:06:16.511 [error] Dir "/home/jaram/.pixi/envs" is not watchable (directory does not exist)
2024-07-18 13:06:16.631 [info] Default formatter is set to esbenp.prettier-vscode for workspace /home/jaram
2024-07-18 13:06:18.057 [info] Python interpreter path: ./cv_env/bin/python
2024-07-18 13:06:18.728 [info] > pyenv which python
2024-07-18 13:06:18.728 [info] cwd: .
2024-07-18 13:06:18.747 [info] Send text to terminal: /home/jaram/cv_env/bin/python /home/jaram/app.py
2024-07-18 13:06:19.470 [info] Send text to terminal: /home/jaram/cv_env/bin/python /home/jaram/app.py
2024-07-18 13:06:19.976 [info] > pixi --version
2024-07-18 13:06:19.978 [error] [Error: spawn pixi ENOENT
	at ChildProcess._handle.onexit (node:internal/child_process:286:19)
	at onErrorNT (node:internal/child_process:484:16)
	at process.processTicksAndRejections (node:internal/process/task_queues:82:21)] {
  errno: -2,
  code: 'ENOENT',
  syscall: 'spawn pixi',
  path: 'pixi',
  spawnargs: [ '--version' ]
}
2024-07-18 13:06:19.979 [warning] could not find a pixi interpreter for the interpreter at /home/jaram/cv_env/bin/python
2024-07-18 13:06:20.136 [info] CreateEnv Trigger - Skipping for /home/jaram/app.py
2024-07-18 13:06:20.405 [info] > . ./cv_env/bin/activate && echo 'e8b39361-0157-4923-80e1-22d70d46dee6' && python ./.vscode-server/extensions/ms-python.python-2024.10.0-linux-arm64/python_files/printEnvVariables.py
2024-07-18 13:06:20.405 [info] shell: bash
2024-07-18 13:06:20.519 [info] > /bin/python ./.vscode-server/extensions/ms-python.python-2024.10.0-linux-arm64/python_files/printEnvVariables.py
2024-07-18 13:06:20.519 [info] shell: bash
2024-07-18 13:06:20.623 [info] Setting environment variable VIRTUAL_ENV in collection to /home/jaram/cv_env {"applyAtShellIntegration":true,"applyAtProcessCreation":true}
2024-07-18 13:06:20.623 [info] Setting environment variable VIRTUAL_ENV_PROMPT in collection to (cv_env)  {"applyAtShellIntegration":true,"applyAtProcessCreation":true}
2024-07-18 13:06:20.623 [info] Prepending environment variable PS1 in collection with (cv_env)  {"applyAtShellIntegration":true,"applyAtProcessCreation":false}
2024-07-18 13:06:20.623 [info] Prepending environment variable PATH in collection with /home/jaram/.vscode-server/extensions/ms-python.python-2024.10.0-linux-arm64/python_files/deactivate/bash:/home/jaram/cv_env/bin: {"applyAtShellIntegration":true,"applyAtProcessCreation":true}
2024-07-18 13:06:20.627 [info] Send text to terminal: /bin/python /home/jaram/.vscode-server/extensions/ms-python.python-2024.10.0-linux-arm64/python_files/printEnvVariablesToFile.py /home/jaram/.vscode-server/extensions/ms-python.python-2024.10.0-linux-arm64/python_files/deactivate/bash/envVars.txt
2024-07-18 13:06:23.307 [info] Starting Pylance language server.
2024-07-18 13:11:46.103 [info] Send text to terminal: /home/jaram/cv_env/bin/python /home/jaram/projects/trial_b.py
2024-07-18 13:11:46.326 [info] Discover tests for workspace name: jaram - uri: /home/jaram/projects/trial_b.py
2024-07-18 13:11:57.401 [info] Discover tests for workspace name: jaram - uri: /home/jaram/projects/trial_b.py
2024-07-18 13:11:57.952 [info] Send text to terminal: /home/jaram/cv_env/bin/python /home/jaram/projects/trial_b.py
2024-07-18 13:12:11.698 [info] Discover tests for workspace name: jaram - uri: /home/jaram/projects/trial_b.py
2024-07-18 13:15:24.352 [info] Discover tests for workspace name: jaram - uri: /home/jaram/app.py
2024-07-18 13:15:32.533 [info] Send text to terminal: /home/jaram/cv_env/bin/python /home/jaram/app.py
2024-07-18 13:16:20.610 [info] Discover tests for workspace name: jaram - uri: /home/jaram/app.py
2024-07-18 13:16:23.776 [info] Send text to terminal: /home/jaram/cv_env/bin/python /home/jaram/app.py
2024-07-18 13:17:59.980 [info] Discover tests for workspace name: jaram - uri: /home/jaram/trial_b.py
2024-07-18 13:18:29.493 [info] Send text to terminal: /home/jaram/cv_env/bin/python /home/jaram/app.py
2024-07-18 13:18:29.623 [info] Discover tests for workspace name: jaram - uri: /home/jaram/app.py
2024-07-18 13:22:28.071 [info] Discover tests for workspace name: jaram - uri: /home/jaram/trial_b.py
2024-07-18 13:22:37.097 [info] Discover tests for workspace name: jaram - uri: /home/jaram/app.py
2024-07-18 13:22:45.919 [info] Send text to terminal: /home/jaram/cv_env/bin/python /home/jaram/app.py
2024-07-18 13:23:31.353 [info] Send text to terminal: /home/jaram/cv_env/bin/python /home/jaram/app.py
2024-07-18 13:26:57.089 [info] Discover tests for workspace name: jaram - uri: /home/jaram/app.py
2024-07-18 13:26:58.274 [info] Discover tests for workspace name: jaram - uri: /home/jaram/trial_b.py
2024-07-18 13:26:59.744 [info] Send text to terminal: /home/jaram/cv_env/bin/python /home/jaram/app.py
2024-07-18 13:28:31.294 [info] Discover tests for workspace name: jaram - uri: /home/jaram/app.py
2024-07-18 13:28:33.841 [info] Discover tests for workspace name: jaram - uri: /home/jaram/trial_b.py
2024-07-18 13:28:34.950 [info] Send text to terminal: /home/jaram/cv_env/bin/python /home/jaram/app.py
2024-07-18 13:28:50.956 [info] Send text to terminal: /home/jaram/cv_env/bin/python /home/jaram/app.py
2024-07-18 13:29:10.657 [info] Send text to terminal: /home/jaram/cv_env/bin/python /home/jaram/app.py
2024-07-18 13:29:18.069 [info] Send text to terminal: /home/jaram/cv_env/bin/python /home/jaram/app.py
2024-07-18 13:29:26.017 [info] Discover tests for workspace name: jaram - uri: /home/jaram/app.py
2024-07-18 13:29:27.280 [info] Send text to terminal: /home/jaram/cv_env/bin/python /home/jaram/app.py
2024-07-18 13:32:24.528 [info] Discover tests for workspace name: jaram - uri: /home/jaram/app.py
2024-07-18 13:32:25.521 [info] Discover tests for workspace name: jaram - uri: /home/jaram/trial_b.py
2024-07-18 13:32:26.756 [info] Send text to terminal: /home/jaram/cv_env/bin/python /home/jaram/app.py
2024-07-18 13:32:41.716 [info] Send text to terminal: /home/jaram/cv_env/bin/python /home/jaram/app.py
2024-07-18 13:32:46.501 [info] Send text to terminal: /home/jaram/cv_env/bin/python /home/jaram/app.py
2024-07-18 13:34:54.430 [info] Discover tests for workspace name: jaram - uri: /home/jaram/app.py
2024-07-18 13:34:55.631 [info] Discover tests for workspace name: jaram - uri: /home/jaram/trial_b.py
2024-07-18 13:35:05.551 [info] Send text to terminal: /home/jaram/cv_env/bin/python /home/jaram/app.py
2024-07-18 13:35:51.556 [info] Discover tests for workspace name: jaram - uri: /home/jaram/app.py
2024-07-18 13:35:51.666 [info] Send text to terminal: /home/jaram/cv_env/bin/python /home/jaram/app.py
2024-07-18 13:36:00.669 [info] Discover tests for workspace name: jaram - uri: /home/jaram/app.py
2024-07-18 13:37:14.661 [info] Discover tests for workspace name: jaram - uri: /home/jaram/cv_env/k.py
2024-07-18 13:37:16.221 [info] Send text to terminal: /home/jaram/cv_env/bin/python /home/jaram/cv_env/k.py
2024-07-18 13:42:22.322 [info] Send text to terminal: /home/jaram/cv_env/bin/python /home/jaram/app.py
2024-07-18 13:42:42.600 [info] Send text to terminal: /home/jaram/cv_env/bin/python /home/jaram/app.py
2024-07-18 13:42:47.710 [info] Send text to terminal: /home/jaram/cv_env/bin/python /home/jaram/app.py
2024-07-18 13:45:58.784 [info] Send text to terminal: /home/jaram/cv_env/bin/python /home/jaram/cv_env/k.py
2024-07-18 13:56:00.589 [info] Discover tests for workspace name: jaram - uri: /home/jaram/cv_env/d.py
2024-07-18 13:56:01.451 [info] Send text to terminal: /home/jaram/cv_env/bin/python /home/jaram/cv_env/d.py
2024-07-18 14:01:37.801 [info] Send text to terminal: /home/jaram/cv_env/bin/python /home/jaram/app.py
2024-07-18 14:02:43.243 [info] Send text to terminal: /home/jaram/cv_env/bin/python /home/jaram/app.py
2024-07-18 14:02:43.246 [info] Send text to terminal: /home/jaram/cv_env/bin/python /home/jaram/app.py
2024-07-18 14:02:43.343 [info] Send text to terminal: /home/jaram/cv_env/bin/python /home/jaram/app.py
2024-07-18 14:02:45.350 [info] Send text to terminal: /home/jaram/cv_env/bin/python /home/jaram/app.py
2024-07-18 14:06:13.033 [info] Discover tests for workspace name: jaram - uri: /home/jaram/app.py
2024-07-18 14:06:13.389 [info] Send text to terminal: /home/jaram/cv_env/bin/python /home/jaram/app.py
2024-07-18 14:06:39.890 [info] Send text to terminal: /home/jaram/cv_env/bin/python /home/jaram/app.py
2024-07-18 14:06:45.208 [info] Send text to terminal: /home/jaram/cv_env/bin/python /home/jaram/app.py
2024-07-18 14:12:20.649 [info] Discover tests for workspace name: jaram - uri: /home/jaram/app.py
2024-07-18 14:13:02.968 [info] Send text to terminal: /home/jaram/cv_env/bin/python /home/jaram/app.py
2024-07-18 14:13:08.282 [info] Send text to terminal: /home/jaram/cv_env/bin/python /home/jaram/app.py
2024-07-18 14:13:21.585 [info] Send text to terminal: /home/jaram/cv_env/bin/python /home/jaram/app.py
2024-07-18 14:13:24.160 [info] Send text to terminal: /home/jaram/cv_env/bin/python /home/jaram/app.py
2024-07-18 14:13:29.302 [info] Send text to terminal: /home/jaram/cv_env/bin/python /home/jaram/app.py
2024-07-18 14:14:44.023 [info] Send text to terminal: /home/jaram/cv_env/bin/python /home/jaram/app.py
2024-07-18 14:21:35.492 [info] Discover tests for workspace name: jaram - uri: /home/jaram/app.py
2024-07-18 14:21:39.167 [info] Discover tests for workspace name: jaram - uri: /home/jaram/app.py
2024-07-18 14:21:39.969 [info] Send text to terminal: /home/jaram/cv_env/bin/python /home/jaram/app.py
2024-07-18 14:22:10.842 [info] Send text to terminal: /home/jaram/cv_env/bin/python /home/jaram/app.py
2024-07-18 14:23:27.551 [info] Discover tests for workspace name: jaram - uri: /home/jaram/app.py
2024-07-18 14:23:36.400 [info] Send text to terminal: /home/jaram/cv_env/bin/python /home/jaram/app.py
2024-07-18 14:23:47.336 [info] Send text to terminal: /home/jaram/cv_env/bin/python /home/jaram/app.py
2024-07-18 14:23:50.004 [info] Send text to terminal: /home/jaram/cv_env/bin/python /home/jaram/app.py
2024-07-18 14:23:53.974 [info] Send text to terminal: /home/jaram/cv_env/bin/python /home/jaram/app.py
2024-07-18 14:31:07.110 [info] Send text to terminal: /home/jaram/cv_env/bin/python /home/jaram/app.py
2024-07-18 14:32:43.049 [info] Discover tests for workspace name: jaram - uri: /home/jaram/trial_b.py
2024-07-18 14:33:05.664 [info] Discover tests for workspace name: jaram - uri: /home/jaram/app.py
2024-07-18 14:33:06.170 [info] Send text to terminal: /home/jaram/cv_env/bin/python /home/jaram/app.py
2024-07-18 14:42:34.822 [info] Discover tests for workspace name: jaram - uri: /home/jaram/app.py
2024-07-18 14:42:35.711 [info] Discover tests for workspace name: jaram - uri: /home/jaram/trial_b.py
2024-07-18 14:42:37.118 [info] Send text to terminal: /home/jaram/cv_env/bin/python /home/jaram/app.py
2024-07-18 14:46:51.637 [info] Discover tests for workspace name: jaram - uri: /home/jaram/trial_b.py
2024-07-18 14:47:04.597 [info] Discover tests for workspace name: jaram - uri: /home/jaram/app.py
2024-07-18 14:47:47.461 [info] Send text to terminal: /home/jaram/cv_env/bin/python /home/jaram/app.py
2024-07-18 14:47:52.602 [info] Send text to terminal: /home/jaram/cv_env/bin/python /home/jaram/app.py
2024-07-18 14:47:58.826 [info] Send text to terminal: /home/jaram/cv_env/bin/python /home/jaram/app.py
2024-07-18 14:48:09.057 [info] Discover tests for workspace name: jaram - uri: /home/jaram/app.py
2024-07-18 14:48:09.979 [info] Send text to terminal: /home/jaram/cv_env/bin/python /home/jaram/app.py
2024-07-18 14:49:27.399 [info] Discover tests for workspace name: jaram - uri: /home/jaram/app.py
2024-07-18 14:49:28.354 [info] Send text to terminal: /home/jaram/cv_env/bin/python /home/jaram/app.py
2024-07-18 14:50:19.132 [info] Discover tests for workspace name: jaram - uri: /home/jaram/app.py
2024-07-18 14:50:25.460 [info] Send text to terminal: /home/jaram/cv_env/bin/python /home/jaram/app.py
2024-07-18 14:51:35.454 [info] Discover tests for workspace name: jaram - uri: /home/jaram/trial_b.py
2024-07-18 14:51:47.274 [info] Discover tests for workspace name: jaram - uri: /home/jaram/app.py
2024-07-18 14:51:48.541 [info] Send text to terminal: /home/jaram/cv_env/bin/python /home/jaram/app.py
2024-07-18 14:52:14.212 [info] Send text to terminal: /home/jaram/cv_env/bin/python /home/jaram/app.py
2024-07-18 14:54:23.998 [info] Discover tests for workspace name: jaram - uri: /home/jaram/app.py
2024-07-18 14:54:28.562 [info] Discover tests for workspace name: jaram - uri: /home/jaram/trial_b.py
2024-07-18 14:55:12.984 [info] Discover tests for workspace name: jaram - uri: /home/jaram/app.py
