2024-07-18 13:06:21.106 [info] (Client) Pylance async client (2024.7.1) started with python extension (2024.10.0)
2024-07-18 13:06:23.171 [info] [Info  - 13:06:22] (1290) Server root directory: file:///home/jaram/.vscode-server/extensions/ms-python.vscode-pylance-2024.7.1/dist
2024-07-18 13:06:23.173 [info] [Info  - 13:06:23] (1290) Experimental Pylance language server 2024.7.1 (pyright version 1.1.369, commit 1168be71) starting
2024-07-18 13:06:23.174 [info] [Info  - 13:06:23] (1290) Starting service instance "jaram"
2024-07-18 13:06:23.482 [info] [Info  - 13:06:23] (1290) Setting pythonPath for service "jaram": "/home/jaram/cv_env/bin/python"
2024-07-18 13:06:23.482 [info] [Info  - 13:06:23] (1290) Setting environmentName for service "jaram": "3.11.2 (cv_env venv)"
2024-07-18 13:06:23.485 [info] [Info  - 13:06:23] (1290) No include entries specified; assuming /home/jaram
2024-07-18 13:06:23.494 [info] [Info  - 13:06:23] (1290) Auto-excluding **/node_modules
2024-07-18 13:06:23.494 [info] [Info  - 13:06:23] (1290) Auto-excluding **/__pycache__
2024-07-18 13:06:23.495 [info] [Info  - 13:06:23] (1290) Auto-excluding **/.*
2024-07-18 13:06:23.630 [info] [Info  - 13:06:23] (1290) Assuming Python version 3.11.2.final.0
2024-07-18 13:06:23.909 [info] [Info  - 13:06:23] (1290) Auto-excluding /home/jaram/cv_env
2024-07-18 13:06:23.914 [info] [Info  - 13:06:23] (1290) Auto-excluding /home/jaram/iot
2024-07-18 13:06:23.926 [info] [Info  - 13:06:23] (1290) Auto-excluding /home/jaram/myenv
2024-07-18 13:06:23.972 [info] [Info  - 13:06:23] (1290) Found 9 source files
2024-07-18 13:06:25.688 [info] [Info  - 13:06:25] (1290) Background analysis(1) root directory: file:///home/jaram/.vscode-server/extensions/ms-python.vscode-pylance-2024.7.1/dist
2024-07-18 13:06:25.700 [info] [Info  - 13:06:25] (1290) Background analysis(1) started
2024-07-18 13:06:26.627 [info] [Info  - 13:06:26] (1290) Indexer background runner(2) root directory: file:///home/jaram/.vscode-server/extensions/ms-python.vscode-pylance-2024.7.1/dist (index)
2024-07-18 13:06:26.628 [info] [Info  - 13:06:26] (1290) Indexing(2) started
2024-07-18 13:06:30.404 [info] [Info  - 13:06:30] (1290) [IDX(2)] Long operation: scan packages file:///home/jaram (3274ms)
2024-07-18 13:06:30.406 [info] [Info  - 13:06:30] (1290) scanned(2) 42 files over 1 exec env
2024-07-18 13:06:32.275 [info] [Info  - 13:06:32] (1290) indexed(2) 33 files over 1 exec env
2024-07-18 13:06:32.575 [info] [Info  - 13:06:32] (1290) Indexing finished(2).
2024-07-18 13:06:33.523 [info] [Info  - 13:06:33] (1290) [BG(1)] Long operation: checking: file:///home/jaram/app.py (5841ms)
2024-07-18 13:06:33.525 [info] [Info  - 13:06:33] (1290) [BG(1)] Long operation: analyzing: file:///home/jaram/app.py (7267ms)
2024-07-18 13:16:17.199 [info] [Info  - 13:16:17] (1290) Auto-excluding /home/jaram/cv_env
2024-07-18 13:16:17.201 [info] [Info  - 13:16:17] (1290) Auto-excluding /home/jaram/iot
2024-07-18 13:16:17.202 [info] [Info  - 13:16:17] (1290) Auto-excluding /home/jaram/myenv
2024-07-18 13:16:17.235 [info] [Info  - 13:16:17] (1290) Found 9 source files
2024-07-18 13:16:20.462 [info] [Info  - 13:16:20] (1290) [BG(1)] Long operation: checking: file:///home/jaram/app.py (2694ms)
2024-07-18 13:16:20.464 [info] [Info  - 13:16:20] (1290) [BG(1)] Long operation: analyzing: file:///home/jaram/app.py (3215ms)
2024-07-18 13:20:53.161 [info] [Info  - 13:20:53] (1290) Auto-excluding /home/jaram/cv_env
2024-07-18 13:20:53.163 [info] [Info  - 13:20:53] (1290) Auto-excluding /home/jaram/iot
2024-07-18 13:20:53.164 [info] [Info  - 13:20:53] (1290) Auto-excluding /home/jaram/myenv
2024-07-18 13:20:53.208 [info] [Info  - 13:20:53] (1290) Found 9 source files
2024-07-18 13:20:58.397 [info] [Info  - 13:20:58] (1290) [BG(1)] Long operation: checking: file:///home/jaram/app.py (3923ms)
2024-07-18 13:20:58.399 [info] [Info  - 13:20:58] (1290) [BG(1)] Long operation: analyzing: file:///home/jaram/app.py (5166ms)
2024-07-18 13:26:44.406 [info] [Info  - 13:26:44] (1290) [BG(1)] Long operation: checking: file:///home/jaram/app.py (2027ms)
2024-07-18 13:26:44.406 [info] [Info  - 13:26:44] (1290) [BG(1)] Long operation: analyzing: file:///home/jaram/app.py (2058ms)
2024-07-18 13:55:57.654 [info] [Info  - 13:55:57] (1290) Auto-excluding /home/jaram/cv_env
2024-07-18 13:55:57.662 [info] [Info  - 13:55:57] (1290) Auto-excluding /home/jaram/iot
2024-07-18 13:55:57.666 [info] [Info  - 13:55:57] (1290) Auto-excluding /home/jaram/myenv
2024-07-18 13:55:57.750 [info] [Info  - 13:55:57] (1290) Found 12 source files
2024-07-18 13:56:01.830 [info] [Info  - 13:56:01] (1290) [BG(1)] Long operation: checking: file:///home/jaram/app.py (2480ms)
2024-07-18 13:56:01.830 [info] [Info  - 13:56:01] (1290) [BG(1)] Long operation: analyzing: file:///home/jaram/app.py (2480ms)
