2024-07-18 13:06:16.511 [info] Starting Python Locator /home/jaram/.vscode-server/extensions/ms-python.python-2024.10.0-linux-arm64/python-env-tools/bin/pet server
2024-07-18 13:06:16.511 [info] Started Refreshing Environments
2024-07-18 13:06:19.531 [info] Discovered env: /home/jaram/myenv/bin/python
2024-07-18 13:06:19.535 [info] Discovered env: /home/jaram/iot/bin/python
2024-07-18 13:06:19.893 [info] Discovered env: /home/jaram/.venv/bin/python
2024-07-18 13:06:19.914 [info] Discovered env: /home/jaram/cv_env/bin/python
2024-07-18 13:06:19.954 [info] Discovered env: /bin/python
2024-07-18 13:06:20.195 [info] Discovered env: /usr/bin/python
2024-07-18 13:06:20.378 [info] Locator Conda took 23.3335ms
2024-07-18 13:06:20.379 [info] Locator Homebrew took 123.722µs
2024-07-18 13:06:20.379 [info] Locator LinuxGlobalPython took 525.320833ms
2024-07-18 13:06:20.381 [info] Locator PipEnv took 889ns
2024-07-18 13:06:20.387 [info] Locator Poetry took 231.815µs
2024-07-18 13:06:20.388 [info] Locator PyEnv took 882.741µs
2024-07-18 13:06:20.388 [info] Locator Venv took 1.111µs
2024-07-18 13:06:20.388 [info] Locator VirtualEnv took 907ns
2024-07-18 13:06:20.388 [info] Locator VirtualEnvWrapper took 1.093µs
2024-07-18 13:06:20.388 [info] Environments found using locators in 527.687593ms
2024-07-18 13:06:20.388 [info] Environments in PATH found in 870.354509ms
2024-07-18 13:06:20.388 [info] Environments in global virtual env paths found in 106.278µs
2024-07-18 13:06:20.390 [info] Environments in custom search paths found in 219.001388ms
2024-07-18 13:06:20.392 [info] Refresh completed in 873ms
