2024-07-18 14:16:16.278 [info] (Client) Pylance async client (2024.7.1) started with python extension (2024.10.0)
2024-07-18 14:16:17.946 [info] [Info  - 14:16:17] (10704) Pylance language server 2024.7.1 (pyright version 1.1.369, commit 1168be71) starting
2024-07-18 14:16:17.966 [info] [Info  - 14:16:17] (10704) Server root directory: file:///home/jaram/.vscode-server/extensions/ms-python.vscode-pylance-2024.7.1/dist
2024-07-18 14:16:17.966 [info] [Info  - 14:16:17] (10704) Starting service instance "jaram"
2024-07-18 14:16:18.169 [info] [Info  - 14:16:18] (10704) Setting pythonPath for service "jaram": "/home/jaram/cv_env/bin/python"
2024-07-18 14:16:18.172 [info] [Info  - 14:16:18] (10704) Setting environmentName for service "jaram": "3.11.2 (cv_env venv)"
2024-07-18 14:16:18.179 [info] [Info  - 14:16:18] (10704) No include entries specified; assuming /home/jaram
2024-07-18 14:16:18.179 [info] [Info  - 14:16:18] (10704) Auto-excluding **/node_modules
2024-07-18 14:16:18.181 [info] [Info  - 14:16:18] (10704) Auto-excluding **/__pycache__
2024-07-18 14:16:18.182 [info] [Info  - 14:16:18] (10704) Auto-excluding **/.*
2024-07-18 14:16:18.290 [info] [Info  - 14:16:18] (10704) Assuming Python version 3.11.2.final.0
2024-07-18 14:16:18.547 [info] [Info  - 14:16:18] (10704) Auto-excluding /home/jaram/cv_env
2024-07-18 14:16:18.550 [info] [Info  - 14:16:18] (10704) Auto-excluding /home/jaram/iot
2024-07-18 14:16:18.554 [info] [Info  - 14:16:18] (10704) Auto-excluding /home/jaram/myenv
2024-07-18 14:16:18.598 [info] [Info  - 14:16:18] (10704) Found 9 source files
2024-07-18 14:16:19.866 [info] [Info  - 14:16:19] (10704) Background analysis(1) root directory: file:///home/jaram/.vscode-server/extensions/ms-python.vscode-pylance-2024.7.1/dist
2024-07-18 14:16:19.882 [info] [Info  - 14:16:19] (10704) Background analysis(1) started
2024-07-18 14:16:20.987 [info] [Info  - 14:16:20] (10704) Indexer background runner(2) root directory: file:///home/jaram/.vscode-server/extensions/ms-python.vscode-pylance-2024.7.1/dist (index)
2024-07-18 14:16:20.990 [info] [Info  - 14:16:20] (10704) Indexing(2) started
2024-07-18 14:16:22.944 [info] [Info  - 14:16:22] (10704) scanned(2) 42 files over 1 exec env
2024-07-18 14:16:23.956 [info] [Info  - 14:16:23] (10704) indexed(2) 33 files over 1 exec env
2024-07-18 14:16:24.168 [info] [Info  - 14:16:24] (10704) Indexing finished(2).
2024-07-18 14:16:36.517 [info] [Info  - 14:16:36] (10704) [BG(1)] Long operation: checking: file:///home/jaram/cv_env/d.py (2154ms)
2024-07-18 14:16:36.518 [info] [Info  - 14:16:36] (10704) [BG(1)] Long operation: analyzing: file:///home/jaram/cv_env/d.py (2173ms)
2024-07-18 14:16:38.752 [info] [Info  - 14:16:38] (10704) [BG(1)] Long operation: checking: file:///home/jaram/cv_env/d.py (2225ms)
2024-07-18 14:16:38.753 [info] [Info  - 14:16:38] (10704) [BG(1)] Long operation: analyzing: file:///home/jaram/cv_env/d.py (2226ms)
