2024-07-18 11:56:54.639 [info] Experiment 'pythonCreateEnvOnPipInstall' is active
2024-07-18 11:56:54.639 [info] Experiment 'pythonRecommendTensorboardExt' is active
2024-07-18 11:56:54.639 [info] Experiment 'pythonTerminalEnvVarActivation' is active
2024-07-18 11:56:54.639 [info] Experiment 'pythonTestAdapter' is active
2024-07-18 11:56:54.639 [error] Reading directory to watch failed [Error: ENOENT: no such file or directory, scandir '/home/jaram/.pixi/envs'
	at Object.readdirSync (node:fs:1515:26)
	at /home/jaram/.vscode-server/extensions/ms-python.python-2024.10.0-linux-arm64/out/client/extension.js:2:574598
	at /home/jaram/.vscode-server/extensions/ms-python.python-2024.10.0-linux-arm64/out/client/extension.js:2:574789
	at Array.map (<anonymous>)
	at d.initWatchers (/home/jaram/.vscode-server/extensions/ms-python.python-2024.10.0-linux-arm64/out/client/extension.js:2:574507)
	at async d.ensureWatchersReady (/home/jaram/.vscode-server/extensions/ms-python.python-2024.10.0-linux-arm64/out/client/extension.js:2:536827)] {
  errno: -2,
  code: 'ENOENT',
  syscall: 'scandir',
  path: '/home/jaram/.pixi/envs'
}
2024-07-18 11:56:54.639 [error] Dir "/home/jaram/.pixi/envs" is not watchable (directory does not exist)
2024-07-18 11:56:54.639 [info] Default formatter is set to null for workspace /home/jaram
2024-07-18 11:56:54.639 [info] Starting Environment refresh
2024-07-18 11:56:54.639 [info] > pixi --version
2024-07-18 11:56:54.639 [error] [Error: spawn pixi ENOENT
	at ChildProcess._handle.onexit (node:internal/child_process:286:19)
	at onErrorNT (node:internal/child_process:484:16)
	at process.processTicksAndRejections (node:internal/process/task_queues:82:21)] {
  errno: -2,
  code: 'ENOENT',
  syscall: 'spawn pixi',
  path: 'pixi',
  spawnargs: [ '--version' ]
}
2024-07-18 11:56:54.639 [info] > hatch env show --json
2024-07-18 11:56:54.639 [info] cwd: .
2024-07-18 11:56:54.639 [warning] Failed to check if /home/jaram/myenv/bin/python is an executable [Error: ENOENT: no such file or directory, lstat '/home/jaram/myenv/bin/python'] {
  errno: -2,
  code: 'ENOENT',
  syscall: 'lstat',
  path: '/home/jaram/myenv/bin/python'
}
2024-07-18 11:56:55.632 [warning] Identifier for virt-virtualenv failed to identify /home/jaram/myenv/bin/python [Error: ENOENT: no such file or directory, scandir '/home/jaram/myenv/bin'] {
  errno: -2,
  code: 'ENOENT',
  syscall: 'scandir',
  path: '/home/jaram/myenv/bin'
}
2024-07-18 11:56:56.200 [info] > C:\Users\user\AppData\Local\Programs\Python\Python311\python.exe -I ./.vscode-server/extensions/ms-python.python-2024.10.0-linux-arm64/python_files/get_output_via_markers.py ./.vscode-server/extensions/ms-python.python-2024.10.0-linux-arm64/python_files/interpreterInfo.py
2024-07-18 11:56:56.220 [info] > ./myenv/bin/python -I ./.vscode-server/extensions/ms-python.python-2024.10.0-linux-arm64/python_files/get_output_via_markers.py ./.vscode-server/extensions/ms-python.python-2024.10.0-linux-arm64/python_files/interpreterInfo.py
2024-07-18 11:56:56.244 [error] [Error: Command failed: C:\Users\user\AppData\Local\Programs\Python\Python311\python.exe -I /home/jaram/.vscode-server/extensions/ms-python.python-2024.10.0-linux-arm64/python_files/get_output_via_markers.py /home/jaram/.vscode-server/extensions/ms-python.python-2024.10.0-linux-arm64/python_files/interpreterInfo.py
/bin/sh: 1: C:UsersuserAppDataLocalProgramsPythonPython311python.exe: not found

	at ChildProcess.exithandler (node:child_process:422:12)
	at ChildProcess.emit (node:events:530:35)
	at maybeClose (node:internal/child_process:1105:16)
	at Socket.<anonymous> (node:internal/child_process:457:11)
	at Socket.emit (node:events:518:28)
	at Pipe.<anonymous> (node:net:337:12)] {
  code: 127,
  killed: false,
  signal: null,
  cmd: 'C:\\Users\\user\\AppData\\Local\\Programs\\Python\\Python311\\python.exe -I /home/jaram/.vscode-server/extensions/ms-python.python-2024.10.0-linux-arm64/python_files/get_output_via_markers.py /home/jaram/.vscode-server/extensions/ms-python.python-2024.10.0-linux-arm64/python_files/interpreterInfo.py'
}
2024-07-18 11:56:56.273 [error] [Error: Command failed: /home/jaram/myenv/bin/python -I /home/jaram/.vscode-server/extensions/ms-python.python-2024.10.0-linux-arm64/python_files/get_output_via_markers.py /home/jaram/.vscode-server/extensions/ms-python.python-2024.10.0-linux-arm64/python_files/interpreterInfo.py
/bin/sh: 1: /home/jaram/myenv/bin/python: not found

	at ChildProcess.exithandler (node:child_process:422:12)
	at ChildProcess.emit (node:events:530:35)
	at maybeClose (node:internal/child_process:1105:16)
	at Socket.<anonymous> (node:internal/child_process:457:11)
	at Socket.emit (node:events:518:28)
	at Pipe.<anonymous> (node:net:337:12)] {
  code: 127,
  killed: false,
  signal: null,
  cmd: '/home/jaram/myenv/bin/python -I /home/jaram/.vscode-server/extensions/ms-python.python-2024.10.0-linux-arm64/python_files/get_output_via_markers.py /home/jaram/.vscode-server/extensions/ms-python.python-2024.10.0-linux-arm64/python_files/interpreterInfo.py'
}
2024-07-18 11:56:56.319 [info] > ./.venv/bin/python -I ./.vscode-server/extensions/ms-python.python-2024.10.0-linux-arm64/python_files/get_output_via_markers.py ./.vscode-server/extensions/ms-python.python-2024.10.0-linux-arm64/python_files/interpreterInfo.py
2024-07-18 11:56:56.349 [info] > ./cv_env/bin/python -I ./.vscode-server/extensions/ms-python.python-2024.10.0-linux-arm64/python_files/get_output_via_markers.py ./.vscode-server/extensions/ms-python.python-2024.10.0-linux-arm64/python_files/interpreterInfo.py
2024-07-18 11:56:56.367 [info] Environments refresh paths discovered: 3078 milliseconds
2024-07-18 11:56:56.465 [info] > ./iot/bin/python -I ./.vscode-server/extensions/ms-python.python-2024.10.0-linux-arm64/python_files/get_output_via_markers.py ./.vscode-server/extensions/ms-python.python-2024.10.0-linux-arm64/python_files/interpreterInfo.py
2024-07-18 11:56:58.250 [info] > C:\Users\user\AppData\Local\Programs\Python\Python311\python.exe -I ./.vscode-server/extensions/ms-python.python-2024.10.0-linux-arm64/python_files/get_output_via_markers.py ./.vscode-server/extensions/ms-python.python-2024.10.0-linux-arm64/python_files/interpreterInfo.py
2024-07-18 11:56:58.254 [error] [Error: Command failed: C:\Users\user\AppData\Local\Programs\Python\Python311\python.exe -I /home/jaram/.vscode-server/extensions/ms-python.python-2024.10.0-linux-arm64/python_files/get_output_via_markers.py /home/jaram/.vscode-server/extensions/ms-python.python-2024.10.0-linux-arm64/python_files/interpreterInfo.py
/bin/sh: 1: C:UsersuserAppDataLocalProgramsPythonPython311python.exe: not found

	at ChildProcess.exithandler (node:child_process:422:12)
	at ChildProcess.emit (node:events:530:35)
	at maybeClose (node:internal/child_process:1105:16)
	at Socket.<anonymous> (node:internal/child_process:457:11)
	at Socket.emit (node:events:518:28)
	at Pipe.<anonymous> (node:net:337:12)] {
  code: 127,
  killed: false,
  signal: null,
  cmd: 'C:\\Users\\user\\AppData\\Local\\Programs\\Python\\Python311\\python.exe -I /home/jaram/.vscode-server/extensions/ms-python.python-2024.10.0-linux-arm64/python_files/get_output_via_markers.py /home/jaram/.vscode-server/extensions/ms-python.python-2024.10.0-linux-arm64/python_files/interpreterInfo.py'
}
2024-07-18 11:56:58.256 [info] Environments refresh finished (event): 4967 milliseconds
2024-07-18 11:56:58.265 [info] Environment refresh took 4982 milliseconds
2024-07-18 11:56:58.275 [info] > pyenv which python
2024-07-18 11:56:58.275 [info] cwd: .
2024-07-18 11:56:58.282 [info] > ./myenv/bin/python -I ./.vscode-server/extensions/ms-python.python-2024.10.0-linux-arm64/python_files/get_output_via_markers.py ./.vscode-server/extensions/ms-python.python-2024.10.0-linux-arm64/python_files/interpreterInfo.py
2024-07-18 11:56:58.334 [error] [Error: Command failed: /home/jaram/myenv/bin/python -I /home/jaram/.vscode-server/extensions/ms-python.python-2024.10.0-linux-arm64/python_files/get_output_via_markers.py /home/jaram/.vscode-server/extensions/ms-python.python-2024.10.0-linux-arm64/python_files/interpreterInfo.py
/bin/sh: 1: /home/jaram/myenv/bin/python: not found

	at ChildProcess.exithandler (node:child_process:422:12)
	at ChildProcess.emit (node:events:530:35)
	at maybeClose (node:internal/child_process:1105:16)
	at Socket.<anonymous> (node:internal/child_process:457:11)
	at Socket.emit (node:events:518:28)
	at Pipe.<anonymous> (node:net:337:12)] {
  code: 127,
  killed: false,
  signal: null,
  cmd: '/home/jaram/myenv/bin/python -I /home/jaram/.vscode-server/extensions/ms-python.python-2024.10.0-linux-arm64/python_files/get_output_via_markers.py /home/jaram/.vscode-server/extensions/ms-python.python-2024.10.0-linux-arm64/python_files/interpreterInfo.py'
}
2024-07-18 11:56:58.341 [warning] Failed to check if /home/jaram/myenv/bin/python is an executable [Error: ENOENT: no such file or directory, lstat '/home/jaram/myenv/bin/python'] {
  errno: -2,
  code: 'ENOENT',
  syscall: 'lstat',
  path: '/home/jaram/myenv/bin/python'
}
2024-07-18 11:56:58.375 [warning] Failed to check if /home/jaram/myenv/bin/python is an executable [Error: ENOENT: no such file or directory, lstat '/home/jaram/myenv/bin/python'] {
  errno: -2,
  code: 'ENOENT',
  syscall: 'lstat',
  path: '/home/jaram/myenv/bin/python'
}
2024-07-18 11:56:58.376 [warning] Failed to check if /home/jaram/myenv/bin/python is an executable [Error: ENOENT: no such file or directory, lstat '/home/jaram/myenv/bin/python'] {
  errno: -2,
  code: 'ENOENT',
  syscall: 'lstat',
  path: '/home/jaram/myenv/bin/python'
}
2024-07-18 11:56:58.381 [warning] Identifier for virt-virtualenv failed to identify /home/jaram/myenv/bin/python [Error: ENOENT: no such file or directory, scandir '/home/jaram/myenv/bin'] {
  errno: -2,
  code: 'ENOENT',
  syscall: 'scandir',
  path: '/home/jaram/myenv/bin'
}
2024-07-18 11:56:58.388 [warning] Identifier for virt-virtualenv failed to identify /home/jaram/myenv/bin/python [Error: ENOENT: no such file or directory, scandir '/home/jaram/myenv/bin'] {
  errno: -2,
  code: 'ENOENT',
  syscall: 'scandir',
  path: '/home/jaram/myenv/bin'
}
2024-07-18 11:56:58.389 [warning] Identifier for virt-virtualenv failed to identify /home/jaram/myenv/bin/python [Error: ENOENT: no such file or directory, scandir '/home/jaram/myenv/bin'] {
  errno: -2,
  code: 'ENOENT',
  syscall: 'scandir',
  path: '/home/jaram/myenv/bin'
}
2024-07-18 11:56:58.521 [warning] Failed to check if /home/jaram/myenv/bin/python is an executable [Error: ENOENT: no such file or directory, lstat '/home/jaram/myenv/bin/python'] {
  errno: -2,
  code: 'ENOENT',
  syscall: 'lstat',
  path: '/home/jaram/myenv/bin/python'
}
2024-07-18 11:56:58.525 [warning] Identifier for virt-virtualenv failed to identify /home/jaram/myenv/bin/python [Error: ENOENT: no such file or directory, scandir '/home/jaram/myenv/bin'] {
  errno: -2,
  code: 'ENOENT',
  syscall: 'scandir',
  path: '/home/jaram/myenv/bin'
}
2024-07-18 11:56:58.532 [warning] Failed to check if /home/jaram/myenv/bin/python is an executable [Error: ENOENT: no such file or directory, lstat '/home/jaram/myenv/bin/python'] {
  errno: -2,
  code: 'ENOENT',
  syscall: 'lstat',
  path: '/home/jaram/myenv/bin/python'
}
2024-07-18 11:56:58.542 [warning] Identifier for virt-virtualenv failed to identify /home/jaram/myenv/bin/python [Error: ENOENT: no such file or directory, scandir '/home/jaram/myenv/bin'] {
  errno: -2,
  code: 'ENOENT',
  syscall: 'scandir',
  path: '/home/jaram/myenv/bin'
}
2024-07-18 11:57:00.812 [info] Starting Pylance language server.
2024-07-18 11:57:00.833 [warning] Failed to check if /home/jaram/myenv/bin/python is an executable [Error: ENOENT: no such file or directory, lstat '/home/jaram/myenv/bin/python'] {
  errno: -2,
  code: 'ENOENT',
  syscall: 'lstat',
  path: '/home/jaram/myenv/bin/python'
}
2024-07-18 11:57:00.836 [warning] Failed to check if /home/jaram/myenv/bin/python is an executable [Error: ENOENT: no such file or directory, lstat '/home/jaram/myenv/bin/python'] {
  errno: -2,
  code: 'ENOENT',
  syscall: 'lstat',
  path: '/home/jaram/myenv/bin/python'
}
2024-07-18 11:57:00.862 [warning] Failed to check if /home/jaram/myenv/bin/python is an executable [Error: ENOENT: no such file or directory, lstat '/home/jaram/myenv/bin/python'] {
  errno: -2,
  code: 'ENOENT',
  syscall: 'lstat',
  path: '/home/jaram/myenv/bin/python'
}
2024-07-18 11:57:00.868 [warning] Identifier for virt-virtualenv failed to identify /home/jaram/myenv/bin/python [Error: ENOENT: no such file or directory, scandir '/home/jaram/myenv/bin'] {
  errno: -2,
  code: 'ENOENT',
  syscall: 'scandir',
  path: '/home/jaram/myenv/bin'
}
2024-07-18 11:57:00.870 [warning] Identifier for virt-virtualenv failed to identify /home/jaram/myenv/bin/python [Error: ENOENT: no such file or directory, scandir '/home/jaram/myenv/bin'] {
  errno: -2,
  code: 'ENOENT',
  syscall: 'scandir',
  path: '/home/jaram/myenv/bin'
}
2024-07-18 11:57:00.879 [warning] Identifier for virt-virtualenv failed to identify /home/jaram/myenv/bin/python [Error: ENOENT: no such file or directory, scandir '/home/jaram/myenv/bin'] {
  errno: -2,
  code: 'ENOENT',
  syscall: 'scandir',
  path: '/home/jaram/myenv/bin'
}
2024-07-18 11:57:00.896 [warning] Failed to check if /home/jaram/myenv/bin/python is an executable [Error: ENOENT: no such file or directory, lstat '/home/jaram/myenv/bin/python'] {
  errno: -2,
  code: 'ENOENT',
  syscall: 'lstat',
  path: '/home/jaram/myenv/bin/python'
}
2024-07-18 11:57:00.922 [warning] Identifier for virt-virtualenv failed to identify /home/jaram/myenv/bin/python [Error: ENOENT: no such file or directory, scandir '/home/jaram/myenv/bin'] {
  errno: -2,
  code: 'ENOENT',
  syscall: 'scandir',
  path: '/home/jaram/myenv/bin'
}
