2024-07-18 11:56:54.639 [info] Starting Python Locator /home/jaram/.vscode-server/extensions/ms-python.python-2024.10.0-linux-arm64/python-env-tools/bin/pet server
2024-07-18 11:56:54.639 [info] Started Refreshing Environments
2024-07-18 11:56:54.644 [info] Discovered env: /home/jaram/iot/bin/python
2024-07-18 11:56:54.647 [info] Discovered env: /home/jaram/.venv/bin/python
2024-07-18 11:56:55.077 [info] Discovered env: /home/jaram/cv_env/bin/python
2024-07-18 11:56:55.619 [info] Discovered env: /bin/python
2024-07-18 11:56:55.627 [info] Discovered env: /usr/bin/python
2024-07-18 11:56:56.237 [info] Locator Conda took 70.842327ms
2024-07-18 11:56:56.255 [info] Locator Homebrew took 111.407µs
2024-07-18 11:56:56.263 [info] Locator LinuxGlobalPython took 222.941239ms
2024-07-18 11:56:56.266 [info] Locator PipEnv took 945ns
2024-07-18 11:56:56.269 [info] Locator Poetry took 97.499µs
2024-07-18 11:56:56.273 [info] Locator PyEnv took 100.166µs
2024-07-18 11:56:56.277 [info] Locator Venv took 1.019µs
2024-07-18 11:56:56.278 [info] Locator VirtualEnv took 556ns
2024-07-18 11:56:56.279 [info] Locator VirtualEnvWrapper took 981ns
2024-07-18 11:56:56.281 [info] Environments found using locators in 227.850055ms
2024-07-18 11:56:56.281 [info] Environments in PATH found in 572.253313ms
2024-07-18 11:56:56.281 [info] Environments in global virtual env paths found in 88.203µs
2024-07-18 11:56:56.281 [info] Environments in custom search paths found in 52.285274ms
2024-07-18 11:56:56.287 [info] Refresh completed in 573ms
