2024-07-18 11:56:59.166 [info] (Client) Pylance async client (2024.7.1) started with python extension (2024.10.0)
2024-07-18 11:57:00.712 [info] [Info  - 11:57:00] (10588) Pylance language server 2024.7.1 (pyright version 1.1.369, commit 1168be71) starting
2024-07-18 11:57:00.713 [info] [Info  - 11:57:00] (10588) Server root directory: file:///home/jaram/.vscode-server/extensions/ms-python.vscode-pylance-2024.7.1/dist
2024-07-18 11:57:00.714 [info] [Info  - 11:57:00] (10588) Starting service instance "jaram"
2024-07-18 11:57:00.982 [info] [Info  - 11:57:00] (10588) Setting environmentName for service "jaram": "/home/jaram/myenv/bin/python"
2024-07-18 11:57:00.985 [info] [Info  - 11:57:00] (10588) No include entries specified; assuming /home/jaram
2024-07-18 11:57:00.989 [info] [Info  - 11:57:00] (10588) Auto-excluding **/node_modules
2024-07-18 11:57:00.991 [info] [Info  - 11:57:00] (10588) Auto-excluding **/__pycache__
2024-07-18 11:57:00.994 [info] [Info  - 11:57:00] (10588) Auto-excluding **/.*
2024-07-18 11:57:01.263 [info] [Info  - 11:57:01] (10588) Auto-excluding /home/jaram/cv_env
2024-07-18 11:57:01.266 [info] [Info  - 11:57:01] (10588) Auto-excluding /home/jaram/iot
2024-07-18 11:57:01.317 [info] [Info  - 11:57:01] (10588) Found 9 source files
2024-07-18 11:57:02.664 [info] [Info  - 11:57:02] (10588) Background analysis(1) root directory: file:///home/jaram/.vscode-server/extensions/ms-python.vscode-pylance-2024.7.1/dist
2024-07-18 11:57:02.665 [info] [Info  - 11:57:02] (10588) Background analysis(1) started
2024-07-18 11:57:03.589 [info] [Info  - 11:57:03] (10588) Indexer background runner(2) root directory: file:///home/jaram/.vscode-server/extensions/ms-python.vscode-pylance-2024.7.1/dist (index)
2024-07-18 11:57:03.595 [info] [Info  - 11:57:03] (10588) Indexing(2) started
2024-07-18 11:57:05.567 [info] [Info  - 11:57:05] (10588) [BG(1)] Long operation: analyzing: file:///home/jaram/projects/trial_a.py (2480ms)
2024-07-18 11:57:06.371 [info] [Info  - 11:57:06] (10588) [IDX(2)] Long operation: scan packages file:///home/jaram (2441ms)
2024-07-18 11:57:06.371 [info] [Info  - 11:57:06] (10588) scanned(2) 70 files over 1 exec env
2024-07-18 11:57:07.415 [info] [Info  - 11:57:07] (10588) indexed(2) 53 files over 1 exec env
2024-07-18 11:57:07.575 [info] [Info  - 11:57:07] (10588) Indexing finished(2).
