2024-07-17 16:01:57.688 [info] Experiment 'pythonaacf' is active
2024-07-17 16:01:57.688 [info] Experiment 'pythonCreateEnvOnPipInstall' is active
2024-07-17 16:01:57.688 [info] Experiment 'pythonRecommendTensorboardExt' is active
2024-07-17 16:01:57.688 [info] Experiment 'pythonTerminalEnvVarActivation' is active
2024-07-17 16:01:57.688 [info] Experiment 'pythonTestAdapter' is active
2024-07-17 16:01:57.688 [error] Reading directory to watch failed [Error: ENOENT: no such file or directory, scandir '/home/jaram/.pixi/envs'
	at Object.readdirSync (node:fs:1515:26)
	at /home/jaram/.vscode-server/extensions/ms-python.python-2024.10.0-linux-arm64/out/client/extension.js:2:574598
	at /home/jaram/.vscode-server/extensions/ms-python.python-2024.10.0-linux-arm64/out/client/extension.js:2:574789
	at Array.map (<anonymous>)
	at d.initWatchers (/home/jaram/.vscode-server/extensions/ms-python.python-2024.10.0-linux-arm64/out/client/extension.js:2:574507)
	at process.processTicksAndRejections (node:internal/process/task_queues:95:5)
	at async d.ensureWatchersReady (/home/jaram/.vscode-server/extensions/ms-python.python-2024.10.0-linux-arm64/out/client/extension.js:2:536827)] {
  errno: -2,
  code: 'ENOENT',
  syscall: 'scandir',
  path: '/home/jaram/.pixi/envs'
}
2024-07-17 16:01:57.688 [error] Dir "/home/jaram/.pixi/envs" is not watchable (directory does not exist)
2024-07-17 16:01:57.813 [info] Default formatter is set to esbenp.prettier-vscode for workspace /home/jaram
2024-07-17 16:01:59.274 [info] Python interpreter path: /bin/python
2024-07-17 16:01:59.908 [info] > pyenv which python
2024-07-17 16:01:59.908 [info] cwd: .
2024-07-17 16:02:00.928 [info] > pixi --version
2024-07-17 16:02:00.931 [error] [Error: spawn pixi ENOENT
	at ChildProcess._handle.onexit (node:internal/child_process:286:19)
	at onErrorNT (node:internal/child_process:484:16)
	at process.processTicksAndRejections (node:internal/process/task_queues:82:21)] {
  errno: -2,
  code: 'ENOENT',
  syscall: 'spawn pixi',
  path: 'pixi',
  spawnargs: [ '--version' ]
}
2024-07-17 16:02:00.932 [warning] could not find a pixi interpreter for the interpreter at /bin/python
2024-07-17 16:02:03.782 [info] Starting Pylance language server.
2024-07-17 16:09:00.329 [info] Discover tests for workspace name: jaram - uri: /home/jaram/projects/trial_b.py
2024-07-17 16:09:00.927 [info] Send text to terminal: /bin/python /home/jaram/projects/trial_b.py
2024-07-17 16:09:01.205 [info] CreateEnv Trigger - Skipping for /home/jaram/projects/trial_b.py
2024-07-17 16:09:28.100 [info] Discover tests for workspace name: jaram - uri: /home/jaram/projects/trial_a.py
2024-07-17 16:09:28.750 [info] Send text to terminal: /bin/python /home/jaram/projects/trial_a.py
2024-07-17 16:09:51.715 [info] Discover tests for workspace name: jaram - uri: /home/jaram/projects/trial_b.py
2024-07-17 16:09:52.251 [info] Send text to terminal: /bin/python /home/jaram/projects/trial_b.py
2024-07-17 16:09:55.777 [info] Send text to terminal: /bin/python /home/jaram/projects/trial_b.py
2024-07-17 16:10:28.410 [info] Send text to terminal: /bin/python /home/jaram/projects/trial_b.py
2024-07-17 16:13:47.567 [info] Discover tests for workspace name: jaram - uri: /home/jaram/projects/trial_b.py
2024-07-17 16:21:18.757 [info] Discover tests for workspace name: jaram - uri: /home/jaram/projects/trial_b.py
2024-07-17 16:21:19.303 [info] Send text to terminal: /bin/python /home/jaram/projects/trial_b.py
2024-07-17 16:21:23.828 [info] Send text to terminal: /bin/python /home/jaram/projects/trial_b.py
2024-07-17 16:21:35.140 [info] Discover tests for workspace name: jaram - uri: /home/jaram/projects/trial_b.py
2024-07-17 16:22:46.011 [info] Discover tests for workspace name: jaram - uri: /home/jaram/projects/trial_b.py
2024-07-17 16:22:46.362 [info] Send text to terminal: /bin/python /home/jaram/projects/trial_b.py
2024-07-17 16:22:51.004 [info] Send text to terminal: /bin/python /home/jaram/projects/trial_b.py
2024-07-17 16:23:28.835 [info] Discover tests for workspace name: jaram - uri: /home/jaram/projects/trial_b.py
2024-07-17 16:23:29.845 [info] Send text to terminal: /bin/python /home/jaram/projects/trial_b.py
2024-07-17 16:23:41.810 [info] Discover tests for workspace name: jaram - uri: /home/jaram/projects/trial_b.py
2024-07-17 16:23:42.723 [info] Send text to terminal: /bin/python /home/jaram/projects/trial_b.py
2024-07-17 16:24:14.261 [info] Discover tests for workspace name: jaram - uri: /home/jaram/projects/trial_b.py
2024-07-17 16:24:14.763 [info] Send text to terminal: /bin/python /home/jaram/projects/trial_b.py
2024-07-17 16:24:29.270 [info] Send text to terminal: /bin/python /home/jaram/projects/trial_b.py
2024-07-17 16:24:29.404 [info] Discover tests for workspace name: jaram - uri: /home/jaram/projects/trial_b.py
2024-07-17 16:26:34.660 [info] Discover tests for workspace name: jaram - uri: /home/jaram/projects/trial_b.py
2024-07-17 16:26:35.291 [info] Send text to terminal: /bin/python /home/jaram/projects/trial_b.py
2024-07-17 16:27:15.040 [info] Send text to terminal: /bin/python /home/jaram/projects/trial_b.py
2024-07-17 16:27:43.742 [info] Send text to terminal: /bin/python /home/jaram/projects/trial_b.py
2024-07-17 16:27:43.880 [info] Discover tests for workspace name: jaram - uri: /home/jaram/projects/trial_b.py
2024-07-17 16:31:40.353 [info] Discover tests for workspace name: jaram - uri: /home/jaram/projects/trial_b.py
2024-07-17 16:31:41.749 [info] Send text to terminal: /bin/python /home/jaram/projects/trial_b.py
2024-07-17 16:32:09.753 [info] Discover tests for workspace name: jaram - uri: /home/jaram/projects/trial_b.py
2024-07-17 16:32:14.868 [info] Send text to terminal: /bin/python /home/jaram/projects/trial_b.py
