2024-07-17 16:01:57.688 [info] Starting Python Locator /home/jaram/.vscode-server/extensions/ms-python.python-2024.10.0-linux-arm64/python-env-tools/bin/pet server
2024-07-17 16:01:57.688 [info] Started Refreshing Environments
2024-07-17 16:01:59.914 [info] Discovered env: /home/jaram/myenv/bin/python
2024-07-17 16:02:00.587 [info] Discovered env: /home/jaram/iot/bin/python
2024-07-17 16:02:00.628 [info] Discovered env: /home/jaram/.venv/bin/python
2024-07-17 16:02:00.630 [info] Discovered env: /usr/bin/python
2024-07-17 16:02:00.632 [info] Discovered env: /bin/python
2024-07-17 16:02:01.246 [info] Locator Conda took 20.011833ms
2024-07-17 16:02:01.246 [info] Locator Homebrew took 119.741µs
2024-07-17 16:02:01.246 [info] Locator LinuxGlobalPython took 524.446407ms
2024-07-17 16:02:01.246 [info] Locator PipEnv took 685ns
2024-07-17 16:02:01.246 [info] Locator Poetry took 187.167µs
2024-07-17 16:02:01.246 [info] Locator PyEnv took 1.438667ms
2024-07-17 16:02:01.246 [info] Locator Venv took 722ns
2024-07-17 16:02:01.247 [info] Locator VirtualEnv took 555ns
2024-07-17 16:02:01.247 [info] Locator VirtualEnvWrapper took 296ns
2024-07-17 16:02:01.247 [info] Environments found using locators in 539.071574ms
2024-07-17 16:02:01.247 [info] Environments in PATH found in 855.018111ms
2024-07-17 16:02:01.247 [info] Environments in global virtual env paths found in 159.334µs
2024-07-17 16:02:01.247 [info] Environments in custom search paths found in 179.758722ms
2024-07-17 16:02:01.248 [info] Refresh completed in 855ms
