2024-07-17 16:02:01.864 [info] (Client) Pylance async client (2024.7.1) started with python extension (2024.10.0)
2024-07-17 16:02:03.695 [info] [Info  - 16:02:03] (1265) Server root directory: file:///home/jaram/.vscode-server/extensions/ms-python.vscode-pylance-2024.7.1/dist
2024-07-17 16:02:03.711 [info] [Info  - 16:02:03] (1265) Experimental Pylance language server 2024.7.1 (pyright version 1.1.369, commit 1168be71) starting
2024-07-17 16:02:03.712 [info] [Info  - 16:02:03] (1265) Starting service instance "jaram"
2024-07-17 16:02:03.930 [info] [Info  - 16:02:03] (1265) Setting pythonPath for service "jaram": "/bin/python"
2024-07-17 16:02:03.932 [info] [Info  - 16:02:03] (1265) Setting environmentName for service "jaram": "3.11.2 (글로벌)"
2024-07-17 16:02:03.933 [info] [Info  - 16:02:03] (1265) No include entries specified; assuming /home/jaram
2024-07-17 16:02:03.934 [info] [Info  - 16:02:03] (1265) Auto-excluding **/node_modules
2024-07-17 16:02:03.943 [info] [Info  - 16:02:03] (1265) Auto-excluding **/__pycache__
2024-07-17 16:02:03.944 [info] [Info  - 16:02:03] (1265) Auto-excluding **/.*
2024-07-17 16:02:04.037 [info] [Info  - 16:02:04] (1265) Assuming Python version 3.11.2.final.0
2024-07-17 16:02:04.330 [info] [Info  - 16:02:04] (1265) Auto-excluding /home/jaram/iot
2024-07-17 16:02:04.331 [info] [Info  - 16:02:04] (1265) Auto-excluding /home/jaram/myenv
2024-07-17 16:02:04.378 [info] [Info  - 16:02:04] (1265) Found 8 source files
2024-07-17 16:02:05.984 [info] [Info  - 16:02:05] (1265) Background analysis(1) root directory: file:///home/jaram/.vscode-server/extensions/ms-python.vscode-pylance-2024.7.1/dist
2024-07-17 16:02:05.987 [info] [Info  - 16:02:05] (1265) Background analysis(1) started
2024-07-17 16:02:06.542 [info] [Info  - 16:02:06] (1265) Indexer background runner(2) root directory: file:///home/jaram/.vscode-server/extensions/ms-python.vscode-pylance-2024.7.1/dist (index)
2024-07-17 16:02:06.543 [info] [Info  - 16:02:06] (1265) Indexing(2) started
2024-07-17 16:02:09.747 [info] [Info  - 16:02:09] (1265) [IDX(2)] Long operation: scan packages file:///home/jaram (2872ms)
2024-07-17 16:02:09.748 [info] [Info  - 16:02:09] (1265) scanned(2) 80 files over 1 exec env
2024-07-17 16:02:10.901 [info] [Info  - 16:02:10] (1265) indexed(2) 58 files over 1 exec env
2024-07-17 16:02:11.061 [info] [Info  - 16:02:11] (1265) Indexing finished(2).
2024-07-17 16:05:33.528 [info] [Info  - 16:05:33] (1265) Auto-excluding /home/jaram/iot
2024-07-17 16:05:33.532 [info] [Info  - 16:05:33] (1265) Auto-excluding /home/jaram/myenv
2024-07-17 16:05:33.558 [info] [Info  - 16:05:33] (1265) Found 8 source files
