2024-07-18 12:43:38.230 [info] Experiment 'pythonaacf' is active
2024-07-18 12:43:38.231 [info] Experiment 'pythonCreateEnvOnPipInstall' is active
2024-07-18 12:43:38.231 [info] Experiment 'pythonRecommendTensorboardExt' is active
2024-07-18 12:43:38.231 [info] Experiment 'pythonTerminalEnvVarActivation' is active
2024-07-18 12:43:38.231 [info] Experiment 'pythonTestAdapter' is active
2024-07-18 12:43:38.231 [error] Reading directory to watch failed [Error: ENOENT: no such file or directory, scandir '/home/jaram/.pixi/envs'
	at Object.readdirSync (node:fs:1515:26)
	at /home/jaram/.vscode-server/extensions/ms-python.python-2024.10.0-linux-arm64/out/client/extension.js:2:574598
	at /home/jaram/.vscode-server/extensions/ms-python.python-2024.10.0-linux-arm64/out/client/extension.js:2:574789
	at Array.map (<anonymous>)
	at d.initWatchers (/home/jaram/.vscode-server/extensions/ms-python.python-2024.10.0-linux-arm64/out/client/extension.js:2:574507)
	at process.processTicksAndRejections (node:internal/process/task_queues:95:5)
	at async d.ensureWatchersReady (/home/jaram/.vscode-server/extensions/ms-python.python-2024.10.0-linux-arm64/out/client/extension.js:2:536827)] {
  errno: -2,
  code: 'ENOENT',
  syscall: 'scandir',
  path: '/home/jaram/.pixi/envs'
}
2024-07-18 12:43:38.231 [error] Dir "/home/jaram/.pixi/envs" is not watchable (directory does not exist)
2024-07-18 12:43:38.231 [info] Default formatter is set to esbenp.prettier-vscode for workspace /home/jaram
2024-07-18 12:43:38.231 [info] Starting Environment refresh
2024-07-18 12:43:38.231 [info] > pixi --version
2024-07-18 12:43:38.231 [error] [Error: spawn pixi ENOENT
	at ChildProcess._handle.onexit (node:internal/child_process:286:19)
	at onErrorNT (node:internal/child_process:484:16)
	at process.processTicksAndRejections (node:internal/process/task_queues:82:21)] {
  errno: -2,
  code: 'ENOENT',
  syscall: 'spawn pixi',
  path: 'pixi',
  spawnargs: [ '--version' ]
}
2024-07-18 12:43:38.231 [info] > hatch env show --json
2024-07-18 12:43:38.231 [info] cwd: .
2024-07-18 12:43:38.231 [info] Python interpreter path: ./cv_env/bin/python
2024-07-18 12:43:38.287 [info] > C:\Users\aeioiie\AppData\Local\Programs\Python\Python312\python.exe -I ./.vscode-server/extensions/ms-python.python-2024.10.0-linux-arm64/python_files/get_output_via_markers.py ./.vscode-server/extensions/ms-python.python-2024.10.0-linux-arm64/python_files/interpreterInfo.py
2024-07-18 12:43:38.299 [error] [Error: Command failed: C:\Users\aeioiie\AppData\Local\Programs\Python\Python312\python.exe -I /home/jaram/.vscode-server/extensions/ms-python.python-2024.10.0-linux-arm64/python_files/get_output_via_markers.py /home/jaram/.vscode-server/extensions/ms-python.python-2024.10.0-linux-arm64/python_files/interpreterInfo.py
/bin/sh: 1: C:UsersaeioiieAppDataLocalProgramsPythonPython312python.exe: not found

	at ChildProcess.exithandler (node:child_process:422:12)
	at ChildProcess.emit (node:events:530:35)
	at maybeClose (node:internal/child_process:1105:16)
	at Socket.<anonymous> (node:internal/child_process:457:11)
	at Socket.emit (node:events:518:28)
	at Pipe.<anonymous> (node:net:337:12)] {
  code: 127,
  killed: false,
  signal: null,
  cmd: 'C:\\Users\\aeioiie\\AppData\\Local\\Programs\\Python\\Python312\\python.exe -I /home/jaram/.vscode-server/extensions/ms-python.python-2024.10.0-linux-arm64/python_files/get_output_via_markers.py /home/jaram/.vscode-server/extensions/ms-python.python-2024.10.0-linux-arm64/python_files/interpreterInfo.py'
}
2024-07-18 12:43:38.332 [info] > ./.venv/bin/python -I ./.vscode-server/extensions/ms-python.python-2024.10.0-linux-arm64/python_files/get_output_via_markers.py ./.vscode-server/extensions/ms-python.python-2024.10.0-linux-arm64/python_files/interpreterInfo.py
2024-07-18 12:43:38.371 [info] > ./cv_env/bin/python -I ./.vscode-server/extensions/ms-python.python-2024.10.0-linux-arm64/python_files/get_output_via_markers.py ./.vscode-server/extensions/ms-python.python-2024.10.0-linux-arm64/python_files/interpreterInfo.py
2024-07-18 12:43:38.404 [info] Environments refresh paths discovered: 348 milliseconds
2024-07-18 12:43:38.518 [info] > ./iot/bin/python -I ./.vscode-server/extensions/ms-python.python-2024.10.0-linux-arm64/python_files/get_output_via_markers.py ./.vscode-server/extensions/ms-python.python-2024.10.0-linux-arm64/python_files/interpreterInfo.py
2024-07-18 12:43:40.305 [info] > C:\Users\aeioiie\AppData\Local\Programs\Python\Python312\python.exe -I ./.vscode-server/extensions/ms-python.python-2024.10.0-linux-arm64/python_files/get_output_via_markers.py ./.vscode-server/extensions/ms-python.python-2024.10.0-linux-arm64/python_files/interpreterInfo.py
2024-07-18 12:43:40.309 [error] [Error: Command failed: C:\Users\aeioiie\AppData\Local\Programs\Python\Python312\python.exe -I /home/jaram/.vscode-server/extensions/ms-python.python-2024.10.0-linux-arm64/python_files/get_output_via_markers.py /home/jaram/.vscode-server/extensions/ms-python.python-2024.10.0-linux-arm64/python_files/interpreterInfo.py
/bin/sh: 1: C:UsersaeioiieAppDataLocalProgramsPythonPython312python.exe: not found

	at ChildProcess.exithandler (node:child_process:422:12)
	at ChildProcess.emit (node:events:530:35)
	at maybeClose (node:internal/child_process:1105:16)
	at Socket.<anonymous> (node:internal/child_process:457:11)
	at Socket.emit (node:events:518:28)
	at Pipe.<anonymous> (node:net:337:12)] {
  code: 127,
  killed: false,
  signal: null,
  cmd: 'C:\\Users\\aeioiie\\AppData\\Local\\Programs\\Python\\Python312\\python.exe -I /home/jaram/.vscode-server/extensions/ms-python.python-2024.10.0-linux-arm64/python_files/get_output_via_markers.py /home/jaram/.vscode-server/extensions/ms-python.python-2024.10.0-linux-arm64/python_files/interpreterInfo.py'
}
2024-07-18 12:43:40.310 [info] Environments refresh finished (event): 2254 milliseconds
2024-07-18 12:43:40.321 [info] Environment refresh took 2266 milliseconds
2024-07-18 12:43:40.329 [info] > pyenv which python
2024-07-18 12:43:40.329 [info] cwd: .
2024-07-18 12:43:41.569 [warning] could not find a pixi interpreter for the interpreter at /home/jaram/cv_env/bin/python
2024-07-18 12:43:41.615 [info] > . ./cv_env/bin/activate && echo 'e8b39361-0157-4923-80e1-22d70d46dee6' && python ./.vscode-server/extensions/ms-python.python-2024.10.0-linux-arm64/python_files/printEnvVariables.py
2024-07-18 12:43:41.615 [info] shell: bash
2024-07-18 12:43:41.799 [info] > /bin/python ./.vscode-server/extensions/ms-python.python-2024.10.0-linux-arm64/python_files/printEnvVariables.py
2024-07-18 12:43:41.799 [info] shell: bash
2024-07-18 12:43:41.888 [info] Setting environment variable VIRTUAL_ENV in collection to /home/jaram/cv_env {"applyAtShellIntegration":true,"applyAtProcessCreation":true}
2024-07-18 12:43:41.888 [info] Setting environment variable VIRTUAL_ENV_PROMPT in collection to (cv_env)  {"applyAtShellIntegration":true,"applyAtProcessCreation":true}
2024-07-18 12:43:41.888 [info] Prepending environment variable PS1 in collection with (cv_env)  {"applyAtShellIntegration":true,"applyAtProcessCreation":false}
2024-07-18 12:43:41.888 [info] Prepending environment variable PATH in collection with /home/jaram/.vscode-server/extensions/ms-python.python-2024.10.0-linux-arm64/python_files/deactivate/bash:/home/jaram/cv_env/bin: {"applyAtShellIntegration":true,"applyAtProcessCreation":true}
2024-07-18 12:43:41.892 [info] Send text to terminal: /bin/python /home/jaram/.vscode-server/extensions/ms-python.python-2024.10.0-linux-arm64/python_files/printEnvVariablesToFile.py /home/jaram/.vscode-server/extensions/ms-python.python-2024.10.0-linux-arm64/python_files/deactivate/bash/envVars.txt
2024-07-18 12:43:44.134 [info] Starting Pylance language server.
2024-07-18 12:43:57.688 [info] Discover tests for workspace name: jaram - uri: /home/jaram/projects/trial_b.py
2024-07-18 12:43:58.232 [info] Send text to terminal: /home/jaram/cv_env/bin/python /home/jaram/projects/trial_b.py
2024-07-18 12:43:58.705 [info] CreateEnv Trigger - Skipping for /home/jaram/projects/trial_b.py
2024-07-18 12:44:21.402 [info] Send text to terminal: /home/jaram/cv_env/bin/python /home/jaram/projects/trial_b.py
2024-07-18 12:44:21.543 [info] Discover tests for workspace name: jaram - uri: /home/jaram/projects/trial_b.py
2024-07-18 12:48:44.124 [info] Discover tests for workspace name: jaram - uri: /home/jaram/projects/trial_b.py
2024-07-18 12:48:45.503 [info] Send text to terminal: /home/jaram/cv_env/bin/python /home/jaram/projects/trial_b.py
2024-07-18 12:51:14.341 [info] > ./myenv/bin/python -I ./.vscode-server/extensions/ms-python.python-2024.10.0-linux-arm64/python_files/get_output_via_markers.py ./.vscode-server/extensions/ms-python.python-2024.10.0-linux-arm64/python_files/interpreterInfo.py
2024-07-18 12:51:14.342 [info] Environments refresh paths discovered: 102 milliseconds
2024-07-18 12:51:14.500 [info] Environments refresh finished (event): 260 milliseconds
2024-07-18 12:51:39.674 [info] Discover tests for workspace name: jaram - uri: /home/jaram/app.py
2024-07-18 12:51:41.657 [info] Send text to terminal: /home/jaram/cv_env/bin/python /home/jaram/app.py
2024-07-18 12:52:12.741 [info] Discover tests for workspace name: jaram - uri: /home/jaram/projects/trial_b.py
2024-07-18 12:53:04.033 [info] Discover tests for workspace name: jaram - uri: /home/jaram/projects/trial_b.py
2024-07-18 12:53:05.531 [info] Send text to terminal: /home/jaram/cv_env/bin/python /home/jaram/projects/trial_b.py
2024-07-18 12:54:31.862 [info] Discover tests for workspace name: jaram - uri: /home/jaram/app.py
2024-07-18 12:54:58.075 [info] Send text to terminal: /home/jaram/cv_env/bin/python /home/jaram/app.py
2024-07-18 12:55:36.304 [info] Discover tests for workspace name: jaram - uri: /home/jaram/app.py
2024-07-18 12:56:07.455 [info] Send text to terminal: /home/jaram/cv_env/bin/python /home/jaram/app.py
2024-07-18 12:56:32.110 [info] Discover tests for workspace name: jaram - uri: /home/jaram/app.py
2024-07-18 12:56:33.169 [info] Send text to terminal: /home/jaram/cv_env/bin/python /home/jaram/app.py
2024-07-18 12:58:01.595 [info] Discover tests for workspace name: jaram - uri: /home/jaram/cv_env/test.py
2024-07-18 12:58:02.625 [info] Send text to terminal: /home/jaram/cv_env/bin/python /home/jaram/cv_env/test.py
2024-07-18 12:58:08.358 [info] Discover tests for workspace name: jaram - uri: /home/jaram/app.py
2024-07-18 12:58:08.703 [info] Send text to terminal: /home/jaram/cv_env/bin/python /home/jaram/app.py
2024-07-18 13:02:23.618 [info] Discover tests for workspace name: jaram - uri: /home/jaram/app.py
2024-07-18 13:02:40.365 [info] Send text to terminal: /home/jaram/cv_env/bin/python /home/jaram/app.py
2024-07-18 13:04:06.336 [info] Send text to terminal: /home/jaram/cv_env/bin/python /home/jaram/cv_env/test.py
