2024-07-18 12:43:38.231 [info] Starting Python Locator /home/jaram/.vscode-server/extensions/ms-python.python-2024.10.0-linux-arm64/python-env-tools/bin/pet server
2024-07-18 12:43:38.231 [info] Started Refreshing Environments
2024-07-18 12:43:38.247 [info] Discovered env: /home/jaram/iot/bin/python
2024-07-18 12:43:38.249 [info] Discovered env: /home/jaram/.venv/bin/python
2024-07-18 12:43:38.250 [info] Discovered env: /home/jaram/cv_env/bin/python
2024-07-18 12:43:38.251 [info] Discovered env: /usr/bin/python
2024-07-18 12:43:38.255 [info] Discovered env: /bin/python
2024-07-18 12:43:38.295 [info] Locator Conda took 52.150995ms
2024-07-18 12:43:38.299 [info] Locator Homebrew took 104.998µs
2024-07-18 12:43:38.300 [info] Locator LinuxGlobalPython took 637.172137ms
2024-07-18 12:43:38.302 [info] Locator PipEnv took 981ns
2024-07-18 12:43:38.303 [info] Locator Poetry took 204.272µs
2024-07-18 12:43:38.304 [info] Locator PyEnv took 3.061052ms
2024-07-18 12:43:38.306 [info] Locator Venv took 426ns
2024-07-18 12:43:38.308 [info] Locator VirtualEnv took 2.129µs
2024-07-18 12:43:38.312 [info] Locator VirtualEnvWrapper took 944ns
2024-07-18 12:43:38.315 [info] Environments found using locators in 640.084805ms
2024-07-18 12:43:38.316 [info] Environments in PATH found in 1.147049361s
2024-07-18 12:43:38.317 [info] Environments in global virtual env paths found in 106.775µs
2024-07-18 12:43:38.317 [info] Environments in custom search paths found in 164.441671ms
2024-07-18 12:43:38.321 [info] Refresh completed in 1149ms
