2024-07-18 13:06:51.043 [info] Starting Python Locator /home/jaram/.vscode-server/extensions/ms-python.python-2024.10.0-linux-arm64/python-env-tools/bin/pet server
2024-07-18 13:06:51.043 [info] Started Refreshing Environments
2024-07-18 13:06:51.043 [info] Discovered env: /home/jaram/myenv/bin/python
2024-07-18 13:06:51.043 [info] Discovered env: /home/jaram/iot/bin/python
2024-07-18 13:06:51.065 [info] Discovered env: /home/jaram/.venv/bin/python
2024-07-18 13:06:51.600 [info] Discovered env: /home/jaram/cv_env/bin/python
2024-07-18 13:06:51.601 [info] Discovered env: /usr/bin/python
2024-07-18 13:06:51.661 [info] Discovered env: /bin/python
2024-07-18 13:06:51.816 [info] Locator Conda took 125.080639ms
2024-07-18 13:06:51.816 [info] Locator Homebrew took 116.622µs
2024-07-18 13:06:51.816 [info] Locator LinuxGlobalPython took 366.793803ms
2024-07-18 13:06:51.816 [info] Locator PipEnv took 2.87µs
2024-07-18 13:06:51.816 [info] Locator Poetry took 180.581µs
2024-07-18 13:06:51.816 [info] Locator PyEnv took 110.733µs
2024-07-18 13:06:51.816 [info] Locator Venv took 722ns
2024-07-18 13:06:51.816 [info] Locator VirtualEnv took 370ns
2024-07-18 13:06:51.817 [info] Locator VirtualEnvWrapper took 556ns
2024-07-18 13:06:51.817 [info] Environments found using locators in 368.955833ms
2024-07-18 13:06:51.817 [info] Environments in PATH found in 1.055845595s
2024-07-18 13:06:51.817 [info] Environments in global virtual env paths found in 89.717µs
2024-07-18 13:06:51.818 [info] Environments in custom search paths found in 54.349208ms
2024-07-18 13:06:51.819 [info] Refresh completed in 1058ms
