2024-07-18 13:06:52.607 [info] (Client) Pylance async client (2024.7.1) started with python extension (2024.10.0)
2024-07-18 13:06:54.390 [info] [Info  - 13:06:54] (1785) Pylance language server 2024.7.1 (pyright version 1.1.369, commit 1168be71) starting
2024-07-18 13:06:54.412 [info] [Info  - 13:06:54] (1785) Server root directory: file:///home/jaram/.vscode-server/extensions/ms-python.vscode-pylance-2024.7.1/dist
2024-07-18 13:06:54.413 [info] [Info  - 13:06:54] (1785) Starting service instance "jaram"
2024-07-18 13:06:54.649 [info] [Info  - 13:06:54] (1785) Setting pythonPath for service "jaram": "/home/jaram/myenv/bin/python"
2024-07-18 13:06:54.653 [info] [Info  - 13:06:54] (1785) Setting environmentName for service "jaram": "3.11.2 (myenv venv)"
2024-07-18 13:06:54.654 [info] [Info  - 13:06:54] (1785) No include entries specified; assuming /home/jaram
2024-07-18 13:06:54.657 [info] [Info  - 13:06:54] (1785) Auto-excluding **/node_modules
2024-07-18 13:06:54.679 [info] [Info  - 13:06:54] (1785) Auto-excluding **/__pycache__
2024-07-18 13:06:54.681 [info] [Info  - 13:06:54] (1785) Auto-excluding **/.*
2024-07-18 13:06:54.844 [info] [Info  - 13:06:54] (1785) Assuming Python version 3.11.2.final.0
2024-07-18 13:06:55.157 [info] [Info  - 13:06:55] (1785) Auto-excluding /home/jaram/cv_env
2024-07-18 13:06:55.159 [info] [Info  - 13:06:55] (1785) Auto-excluding /home/jaram/iot
2024-07-18 13:06:55.162 [info] [Info  - 13:06:55] (1785) Auto-excluding /home/jaram/myenv
2024-07-18 13:06:55.218 [info] [Info  - 13:06:55] (1785) Found 9 source files
2024-07-18 13:06:57.042 [info] [Info  - 13:06:57] (1785) Background analysis(1) root directory: file:///home/jaram/.vscode-server/extensions/ms-python.vscode-pylance-2024.7.1/dist
2024-07-18 13:06:57.057 [info] [Info  - 13:06:57] (1785) Background analysis(1) started
2024-07-18 13:06:57.615 [info] [Info  - 13:06:57] (1785) Indexer background runner(2) root directory: file:///home/jaram/.vscode-server/extensions/ms-python.vscode-pylance-2024.7.1/dist (index)
2024-07-18 13:06:57.616 [info] [Info  - 13:06:57] (1785) Indexing(2) started
2024-07-18 13:07:01.668 [info] [Info  - 13:07:01] (1785) [IDX(2)] Long operation: scan packages file:///home/jaram (3706ms)
2024-07-18 13:07:01.668 [info] [Info  - 13:07:01] (1785) scanned(2) 17 files over 1 exec env
2024-07-18 13:07:03.701 [info] [Info  - 13:07:03] (1785) [BG(1)] Long operation: checking: file:///home/jaram/cv_env/test.py (4754ms)
2024-07-18 13:07:03.706 [info] [Info  - 13:07:03] (1785) [BG(1)] Long operation: analyzing: file:///home/jaram/cv_env/test.py (6209ms)
2024-07-18 13:07:05.212 [info] [Info  - 13:07:05] (1785) [IDX(2)] Long operation: index execution environment file:///home/jaram (2091ms)
2024-07-18 13:07:05.228 [info] [Info  - 13:07:05] (1785) [IDX(2)] Long operation: index packages file:///home/jaram (2255ms)
2024-07-18 13:07:05.228 [info] [Info  - 13:07:05] (1785) indexed(2) 8 files over 1 exec env
2024-07-18 13:07:05.472 [info] [Info  - 13:07:05] (1785) Indexing finished(2).
2024-07-18 13:16:40.287 [info] [Info  - 13:16:40] (1785) Auto-excluding /home/jaram/cv_env
2024-07-18 13:16:40.288 [info] [Info  - 13:16:40] (1785) Auto-excluding /home/jaram/iot
2024-07-18 13:16:40.294 [info] [Info  - 13:16:40] (1785) Auto-excluding /home/jaram/myenv
2024-07-18 13:16:40.342 [info] [Info  - 13:16:40] (1785) Found 11 source files
2024-07-18 13:20:53.163 [info] [Info  - 13:20:53] (1785) Auto-excluding /home/jaram/cv_env
2024-07-18 13:20:53.164 [info] [Info  - 13:20:53] (1785) Auto-excluding /home/jaram/iot
2024-07-18 13:20:53.166 [info] [Info  - 13:20:53] (1785) Auto-excluding /home/jaram/myenv
2024-07-18 13:20:53.198 [info] [Info  - 13:20:53] (1785) Found 11 source files
2024-07-18 13:20:57.200 [info] [Info  - 13:20:57] (1785) [BG(1)] Long operation: checking: file:///home/jaram/cv_env/test.py (2406ms)
2024-07-18 13:20:57.211 [info] [Info  - 13:20:57] (1785) [BG(1)] Long operation: analyzing: file:///home/jaram/cv_env/test.py (3444ms)
2024-07-18 13:34:20.417 [info] [Info  - 13:34:20] (1785) Setting pythonPath for service "jaram": "/home/jaram/cv_env/bin/python"
2024-07-18 13:34:20.418 [info] [Info  - 13:34:20] (1785) Setting environmentName for service "jaram": "3.11.2 (cv_env venv)"
2024-07-18 13:34:20.420 [info] [Info  - 13:34:20] (1785) No include entries specified; assuming /home/jaram
2024-07-18 13:34:20.421 [info] [Info  - 13:34:20] (1785) Auto-excluding **/node_modules
2024-07-18 13:34:20.422 [info] [Info  - 13:34:20] (1785) Auto-excluding **/__pycache__
2024-07-18 13:34:20.423 [info] [Info  - 13:34:20] (1785) Auto-excluding **/.*
2024-07-18 13:34:20.534 [info] [Info  - 13:34:20] (1785) Assuming Python version 3.11.2.final.0
2024-07-18 13:34:20.717 [info] [Info  - 13:34:20] (1785) Auto-excluding /home/jaram/cv_env
2024-07-18 13:34:20.718 [info] [Info  - 13:34:20] (1785) Auto-excluding /home/jaram/iot
2024-07-18 13:34:20.720 [info] [Info  - 13:34:20] (1785) Auto-excluding /home/jaram/myenv
2024-07-18 13:34:20.731 [info] [Info  - 13:34:20] (1785) Found 11 source files
2024-07-18 13:34:22.851 [info] [Info  - 13:34:22] (1785) Indexer background runner(3) root directory: file:///home/jaram/.vscode-server/extensions/ms-python.vscode-pylance-2024.7.1/dist (index)
2024-07-18 13:34:22.855 [info] [Info  - 13:34:22] (1785) Indexing(3) started
2024-07-18 13:34:23.843 [info] [Info  - 13:34:23] (1785) [BG(1)] Long operation: checking: file:///home/jaram/cv_env/test.py (2405ms)
2024-07-18 13:34:23.843 [info] [Info  - 13:34:23] (1785) [BG(1)] Long operation: analyzing: file:///home/jaram/cv_env/test.py (2900ms)
2024-07-18 13:34:25.842 [info] [Info  - 13:34:25] (1785) [IDX(3)] Long operation: scan packages file:///home/jaram (2305ms)
2024-07-18 13:34:25.843 [info] [Info  - 13:34:25] (1785) scanned(3) 42 files over 1 exec env
2024-07-18 13:34:26.936 [info] [Info  - 13:34:26] (1785) indexed(3) 33 files over 1 exec env
2024-07-18 13:34:27.121 [info] [Info  - 13:34:27] (1785) Indexing finished(3).
2024-07-18 13:55:56.944 [info] [Info  - 13:55:56] (1785) Auto-excluding /home/jaram/cv_env
2024-07-18 13:55:56.946 [info] [Info  - 13:55:56] (1785) Auto-excluding /home/jaram/iot
2024-07-18 13:55:56.948 [info] [Info  - 13:55:56] (1785) Auto-excluding /home/jaram/myenv
2024-07-18 13:55:56.977 [info] [Info  - 13:55:56] (1785) Found 11 source files
2024-07-18 13:56:00.434 [info] [Info  - 13:56:00] (1785) [BG(1)] Long operation: checking: file:///home/jaram/cv_env/test.py (2748ms)
2024-07-18 13:56:00.435 [info] [Info  - 13:56:00] (1785) [BG(1)] Long operation: analyzing: file:///home/jaram/cv_env/test.py (3414ms)
