2024-07-18 10:47:02.386 [info] Experiment 'pythonaacf' is active
2024-07-18 10:47:02.386 [info] Experiment 'pythonCreateEnvOnPipInstall' is active
2024-07-18 10:47:02.386 [info] Experiment 'pythonRecommendTensorboardExt' is active
2024-07-18 10:47:02.386 [info] Experiment 'pythonTerminalEnvVarActivation' is active
2024-07-18 10:47:02.386 [info] Experiment 'pythonTestAdapter' is active
2024-07-18 10:47:02.386 [error] Reading directory to watch failed [Error: ENOENT: no such file or directory, scandir '/home/jaram/.pixi/envs'
	at Object.readdirSync (node:fs:1515:26)
	at /home/jaram/.vscode-server/extensions/ms-python.python-2024.10.0-linux-arm64/out/client/extension.js:2:574598
	at /home/jaram/.vscode-server/extensions/ms-python.python-2024.10.0-linux-arm64/out/client/extension.js:2:574789
	at Array.map (<anonymous>)
	at d.initWatchers (/home/jaram/.vscode-server/extensions/ms-python.python-2024.10.0-linux-arm64/out/client/extension.js:2:574507)
	at process.processTicksAndRejections (node:internal/process/task_queues:95:5)
	at async d.ensureWatchersReady (/home/jaram/.vscode-server/extensions/ms-python.python-2024.10.0-linux-arm64/out/client/extension.js:2:536827)] {
  errno: -2,
  code: 'ENOENT',
  syscall: 'scandir',
  path: '/home/jaram/.pixi/envs'
}
2024-07-18 10:47:02.386 [error] Dir "/home/jaram/.pixi/envs" is not watchable (directory does not exist)
2024-07-18 10:47:02.386 [info] Default formatter is set to esbenp.prettier-vscode for workspace /home/jaram
2024-07-18 10:47:02.386 [info] Starting Environment refresh
2024-07-18 10:47:02.401 [info] > pixi --version
2024-07-18 10:47:02.403 [error] [Error: spawn pixi ENOENT
	at ChildProcess._handle.onexit (node:internal/child_process:286:19)
	at onErrorNT (node:internal/child_process:484:16)
	at process.processTicksAndRejections (node:internal/process/task_queues:82:21)] {
  errno: -2,
  code: 'ENOENT',
  syscall: 'spawn pixi',
  path: 'pixi',
  spawnargs: [ '--version' ]
}
2024-07-18 10:47:02.412 [info] > hatch env show --json
2024-07-18 10:47:02.412 [info] cwd: .
2024-07-18 10:47:02.419 [info] Python interpreter path: /bin/python
2024-07-18 10:47:02.833 [info] > C:\Users\aeioiie\AppData\Local\Programs\Python\Python312\python.exe -I ./.vscode-server/extensions/ms-python.python-2024.10.0-linux-arm64/python_files/get_output_via_markers.py ./.vscode-server/extensions/ms-python.python-2024.10.0-linux-arm64/python_files/interpreterInfo.py
2024-07-18 10:47:02.844 [error] [Error: Command failed: C:\Users\aeioiie\AppData\Local\Programs\Python\Python312\python.exe -I /home/jaram/.vscode-server/extensions/ms-python.python-2024.10.0-linux-arm64/python_files/get_output_via_markers.py /home/jaram/.vscode-server/extensions/ms-python.python-2024.10.0-linux-arm64/python_files/interpreterInfo.py
/bin/sh: 1: C:UsersaeioiieAppDataLocalProgramsPythonPython312python.exe: not found

	at ChildProcess.exithandler (node:child_process:422:12)
	at ChildProcess.emit (node:events:530:35)
	at maybeClose (node:internal/child_process:1105:16)
	at Socket.<anonymous> (node:internal/child_process:457:11)
	at Socket.emit (node:events:518:28)
	at Pipe.<anonymous> (node:net:337:12)] {
  code: 127,
  killed: false,
  signal: null,
  cmd: 'C:\\Users\\aeioiie\\AppData\\Local\\Programs\\Python\\Python312\\python.exe -I /home/jaram/.vscode-server/extensions/ms-python.python-2024.10.0-linux-arm64/python_files/get_output_via_markers.py /home/jaram/.vscode-server/extensions/ms-python.python-2024.10.0-linux-arm64/python_files/interpreterInfo.py'
}
2024-07-18 10:47:02.904 [info] > ./.venv/bin/python -I ./.vscode-server/extensions/ms-python.python-2024.10.0-linux-arm64/python_files/get_output_via_markers.py ./.vscode-server/extensions/ms-python.python-2024.10.0-linux-arm64/python_files/interpreterInfo.py
2024-07-18 10:47:02.934 [info] > ./iot/bin/python -I ./.vscode-server/extensions/ms-python.python-2024.10.0-linux-arm64/python_files/get_output_via_markers.py ./.vscode-server/extensions/ms-python.python-2024.10.0-linux-arm64/python_files/interpreterInfo.py
2024-07-18 10:47:02.950 [info] Environments refresh paths discovered: 1877 milliseconds
2024-07-18 10:47:03.080 [info] > ./myenv/bin/python -I ./.vscode-server/extensions/ms-python.python-2024.10.0-linux-arm64/python_files/get_output_via_markers.py ./.vscode-server/extensions/ms-python.python-2024.10.0-linux-arm64/python_files/interpreterInfo.py
2024-07-18 10:47:04.896 [info] > C:\Users\aeioiie\AppData\Local\Programs\Python\Python312\python.exe -I ./.vscode-server/extensions/ms-python.python-2024.10.0-linux-arm64/python_files/get_output_via_markers.py ./.vscode-server/extensions/ms-python.python-2024.10.0-linux-arm64/python_files/interpreterInfo.py
2024-07-18 10:47:04.900 [error] [Error: Command failed: C:\Users\aeioiie\AppData\Local\Programs\Python\Python312\python.exe -I /home/jaram/.vscode-server/extensions/ms-python.python-2024.10.0-linux-arm64/python_files/get_output_via_markers.py /home/jaram/.vscode-server/extensions/ms-python.python-2024.10.0-linux-arm64/python_files/interpreterInfo.py
/bin/sh: 1: C:UsersaeioiieAppDataLocalProgramsPythonPython312python.exe: not found

	at ChildProcess.exithandler (node:child_process:422:12)
	at ChildProcess.emit (node:events:530:35)
	at maybeClose (node:internal/child_process:1105:16)
	at Socket.<anonymous> (node:internal/child_process:457:11)
	at Socket.emit (node:events:518:28)
	at Pipe.<anonymous> (node:net:337:12)] {
  code: 127,
  killed: false,
  signal: null,
  cmd: 'C:\\Users\\aeioiie\\AppData\\Local\\Programs\\Python\\Python312\\python.exe -I /home/jaram/.vscode-server/extensions/ms-python.python-2024.10.0-linux-arm64/python_files/get_output_via_markers.py /home/jaram/.vscode-server/extensions/ms-python.python-2024.10.0-linux-arm64/python_files/interpreterInfo.py'
}
2024-07-18 10:47:04.901 [info] Environments refresh finished (event): 3828 milliseconds
2024-07-18 10:47:04.910 [info] Environment refresh took 3840 milliseconds
2024-07-18 10:47:04.918 [info] > pyenv which python
2024-07-18 10:47:04.918 [info] cwd: .
2024-07-18 10:47:05.066 [warning] could not find a pixi interpreter for the interpreter at /bin/python
2024-07-18 10:47:07.432 [info] Starting Pylance language server.
2024-07-18 10:47:31.797 [info] Send text to terminal: /bin/python /home/jaram/projects/trial_b.py
2024-07-18 10:47:31.969 [info] CreateEnv Trigger - Skipping for /home/jaram/projects/trial_b.py
2024-07-18 10:55:03.299 [info] Discover tests for workspace name: jaram - uri: /home/jaram/projects/camera.py
2024-07-18 11:24:21.924 [info] Discover tests for workspace name: jaram - uri: /home/jaram/test/test.py
2024-07-18 11:24:44.019 [info] Send text to terminal: /bin/python /home/jaram/test/test.py
2024-07-18 11:28:52.242 [info] Send text to terminal: /bin/python /home/jaram/test/test.py
2024-07-18 11:39:51.928 [info] Send text to terminal: /bin/python /home/jaram/test/test.py
2024-07-18 11:40:09.286 [info] > ./cv_env/bin/python -I ./.vscode-server/extensions/ms-python.python-2024.10.0-linux-arm64/python_files/get_output_via_markers.py ./.vscode-server/extensions/ms-python.python-2024.10.0-linux-arm64/python_files/interpreterInfo.py
2024-07-18 11:40:09.287 [info] Environments refresh paths discovered: 41 milliseconds
2024-07-18 11:40:09.410 [info] Environments refresh finished (event): 165 milliseconds
2024-07-18 11:40:18.720 [info] Discover tests for workspace name: jaram - uri: /home/jaram
2024-07-18 11:40:18.721 [warning] could not find a pixi interpreter for the interpreter at /home/jaram/cv_env/bin/python
2024-07-18 11:40:18.724 [info] Python interpreter path: ./cv_env/bin/python
2024-07-18 11:40:18.835 [info] > /bin/python ./.vscode-server/extensions/ms-python.python-2024.10.0-linux-arm64/python_files/printEnvVariables.py
2024-07-18 11:40:18.835 [info] shell: bash
2024-07-18 11:40:18.962 [info] Prepending environment variable PATH in collection with /home/jaram/.vscode-server/extensions/ms-python.python-2024.10.0-linux-arm64/python_files/deactivate/bash:/home/jaram/cv_env/bin: {"applyAtShellIntegration":true,"applyAtProcessCreation":true}
2024-07-18 11:40:18.963 [info] Prepending environment variable PS1 in collection with (cv_env)  {"applyAtShellIntegration":true,"applyAtProcessCreation":false}
2024-07-18 11:40:18.969 [info] Send text to terminal: /bin/python /home/jaram/.vscode-server/extensions/ms-python.python-2024.10.0-linux-arm64/python_files/printEnvVariablesToFile.py /home/jaram/.vscode-server/extensions/ms-python.python-2024.10.0-linux-arm64/python_files/deactivate/bash/envVars.txt
2024-07-18 11:41:13.090 [info] Starting Environment refresh
2024-07-18 11:41:13.090 [info] Searching for interpreters in posix paths locator
2024-07-18 11:41:13.098 [info] Searching for pyenv environments
2024-07-18 11:41:13.098 [info] Searching for conda environments
2024-07-18 11:41:13.100 [info] Searching for global virtual environments
2024-07-18 11:41:13.100 [info] Searching for custom virtual environments
2024-07-18 11:41:13.116 [info] > conda info --json
2024-07-18 11:41:13.127 [info] pyenv is not installed
2024-07-18 11:41:13.127 [info] Finished searching for pyenv environments: 35 milliseconds
2024-07-18 11:41:13.129 [info] Finished searching for custom virtual envs: 31 milliseconds
2024-07-18 11:41:13.132 [info] Finished searching for global virtual envs: 36 milliseconds
2024-07-18 11:41:13.156 [info] Found: /bin/python --> /bin/python3.11
2024-07-18 11:41:13.160 [info] Found: /bin/python3 --> /bin/python3.11
2024-07-18 11:41:13.162 [info] Found: /bin/python3.11 --> /bin/python3.11
2024-07-18 11:41:13.180 [info] Found: /usr/bin/python --> /usr/bin/python3.11
2024-07-18 11:41:13.190 [info] > ./.venv/bin/python -I ./.vscode-server/extensions/ms-python.python-2024.10.0-linux-arm64/python_files/get_output_via_markers.py ./.vscode-server/extensions/ms-python.python-2024.10.0-linux-arm64/python_files/interpreterInfo.py
2024-07-18 11:41:13.196 [info] Found: /usr/bin/python3 --> /usr/bin/python3.11
2024-07-18 11:41:13.197 [info] Found: /usr/bin/python3.11 --> /usr/bin/python3.11
2024-07-18 11:41:13.235 [info] > ./iot/bin/python -I ./.vscode-server/extensions/ms-python.python-2024.10.0-linux-arm64/python_files/get_output_via_markers.py ./.vscode-server/extensions/ms-python.python-2024.10.0-linux-arm64/python_files/interpreterInfo.py
2024-07-18 11:41:13.253 [info] Finished searching for interpreters in posix paths locator: 170 milliseconds
2024-07-18 11:41:13.265 [info] Environments refresh paths discovered (event): 184 milliseconds
2024-07-18 11:41:13.266 [info] Environments refresh paths discovered: 184 milliseconds
2024-07-18 11:41:13.324 [info] > /bin/python -I ./.vscode-server/extensions/ms-python.python-2024.10.0-linux-arm64/python_files/get_output_via_markers.py ./.vscode-server/extensions/ms-python.python-2024.10.0-linux-arm64/python_files/interpreterInfo.py
2024-07-18 11:41:13.376 [info] > /usr/bin/python -I ./.vscode-server/extensions/ms-python.python-2024.10.0-linux-arm64/python_files/get_output_via_markers.py ./.vscode-server/extensions/ms-python.python-2024.10.0-linux-arm64/python_files/interpreterInfo.py
2024-07-18 11:41:13.495 [info] Environments refresh finished (event): 414 milliseconds
2024-07-18 11:41:13.515 [info] Environment refresh took 435 milliseconds
2024-07-18 11:41:13.521 [error] Environment /home/jaram/cv_env/bin/python is missing from native locator
2024-07-18 11:44:10.006 [info] Send text to terminal: /home/jaram/cv_env/bin/python /home/jaram/cv_env/test.py
2024-07-18 11:45:05.583 [info] Discover tests for workspace name: jaram - uri: /home/jaram/cv_env/test.py
2024-07-18 11:45:07.073 [info] Send text to terminal: /home/jaram/cv_env/bin/python /home/jaram/cv_env/test.py
2024-07-18 11:46:05.753 [info] Send text to terminal: /home/jaram/cv_env/bin/python /home/jaram/cv_env/test.py
2024-07-18 11:55:47.214 [info] Discover tests for workspace name: jaram - uri: /home/jaram/cv_env/test.py
2024-07-18 12:05:55.148 [info] Send text to terminal: /home/jaram/cv_env/bin/python /home/jaram/app.py
