2024-07-18 10:47:05.665 [info] (Client) Pylance async client (2024.7.1) started with python extension (2024.10.0)
2024-07-18 10:47:07.350 [info] [Info  - 10:47:07] (1366) Server root directory: file:///home/jaram/.vscode-server/extensions/ms-python.vscode-pylance-2024.7.1/dist
2024-07-18 10:47:07.354 [info] [Info  - 10:47:07] (1366) Experimental Pylance language server 2024.7.1 (pyright version 1.1.369, commit 1168be71) starting
2024-07-18 10:47:07.354 [info] [Info  - 10:47:07] (1366) Starting service instance "jaram"
2024-07-18 10:47:07.547 [info] [Info  - 10:47:07] (1366) Setting pythonPath for service "jaram": "/bin/python"
2024-07-18 10:47:07.548 [info] [Info  - 10:47:07] (1366) Setting environmentName for service "jaram": "3.11.2 (글로벌)"
2024-07-18 10:47:07.550 [info] [Info  - 10:47:07] (1366) No include entries specified; assuming /home/jaram
2024-07-18 10:47:07.553 [info] [Info  - 10:47:07] (1366) Auto-excluding **/node_modules
2024-07-18 10:47:07.555 [info] [Info  - 10:47:07] (1366) Auto-excluding **/__pycache__
2024-07-18 10:47:07.556 [info] [Info  - 10:47:07] (1366) Auto-excluding **/.*
2024-07-18 10:47:07.651 [info] [Info  - 10:47:07] (1366) Assuming Python version 3.11.2.final.0
2024-07-18 10:47:07.925 [info] [Info  - 10:47:07] (1366) Auto-excluding /home/jaram/iot
2024-07-18 10:47:07.927 [info] [Info  - 10:47:07] (1366) Auto-excluding /home/jaram/myenv
2024-07-18 10:47:07.974 [info] [Info  - 10:47:07] (1366) Found 8 source files
2024-07-18 10:47:09.366 [info] [Info  - 10:47:09] (1366) Background analysis(1) root directory: file:///home/jaram/.vscode-server/extensions/ms-python.vscode-pylance-2024.7.1/dist
2024-07-18 10:47:09.367 [info] [Info  - 10:47:09] (1366) Background analysis(1) started
2024-07-18 10:47:10.325 [info] [Info  - 10:47:10] (1366) Indexer background runner(2) root directory: file:///home/jaram/.vscode-server/extensions/ms-python.vscode-pylance-2024.7.1/dist (index)
2024-07-18 10:47:10.325 [info] [Info  - 10:47:10] (1366) Indexing(2) started
2024-07-18 10:47:12.227 [info] [Info  - 10:47:12] (1366) [BG(1)] Long operation: analyzing: file:///home/jaram/testjimin/camera.py (2528ms)
2024-07-18 10:47:13.084 [info] [Info  - 10:47:13] (1366) [IDX(2)] Long operation: scan packages file:///home/jaram (2449ms)
2024-07-18 10:47:13.085 [info] [Info  - 10:47:13] (1366) scanned(2) 80 files over 1 exec env
2024-07-18 10:47:14.184 [info] [Info  - 10:47:14] (1366) indexed(2) 58 files over 1 exec env
2024-07-18 10:47:14.377 [info] [Info  - 10:47:14] (1366) Indexing finished(2).
2024-07-18 10:53:23.091 [info] [Info  - 10:53:23] (1366) Auto-excluding /home/jaram/iot
2024-07-18 10:53:23.093 [info] [Info  - 10:53:23] (1366) Auto-excluding /home/jaram/myenv
2024-07-18 10:53:23.118 [info] [Info  - 10:53:23] (1366) Found 9 source files
2024-07-18 10:53:35.320 [info] [Info  - 10:53:35] (1366) Starting service instance "<default>"
2024-07-18 10:53:35.398 [info] [Info  - 10:53:35] (1366) Setting pythonPath for service "<default>": "/bin/python"
2024-07-18 10:53:35.398 [info] [Info  - 10:53:35] (1366) Setting environmentName for service "<default>": "3.11.2 (글로벌)"
2024-07-18 10:53:35.399 [info] [Info  - 10:53:35] (1366) No include entries specified; assuming /<default workspace root>
2024-07-18 10:53:35.401 [info] [Info  - 10:53:35] (1366) Auto-excluding **/node_modules
2024-07-18 10:53:35.402 [info] [Info  - 10:53:35] (1366) Auto-excluding **/__pycache__
2024-07-18 10:53:35.402 [info] [Info  - 10:53:35] (1366) Auto-excluding **/.*
2024-07-18 10:53:35.505 [info] [Info  - 10:53:35] (1366) Assuming Python version 3.11.2.final.0
2024-07-18 10:53:35.674 [info] [Error - 10:53:35] (1366) File or directory "/<default workspace root>" does not exist.
2024-07-18 10:53:35.675 [info] [Info  - 10:53:35] (1366) No source files found.
2024-07-18 10:53:36.864 [info] [Info  - 10:53:36] (1366) Background analysis(3) root directory: file:///home/jaram/.vscode-server/extensions/ms-python.vscode-pylance-2024.7.1/dist
2024-07-18 10:53:36.874 [info] [Info  - 10:53:36] (1366) Background analysis(3) started
2024-07-18 11:01:33.258 [info] [Info  - 11:01:33] (1366) Auto-excluding /home/jaram/iot
2024-07-18 11:01:33.260 [info] [Info  - 11:01:33] (1366) Auto-excluding /home/jaram/myenv
2024-07-18 11:01:33.279 [info] [Info  - 11:01:33] (1366) Found 9 source files
2024-07-18 11:04:16.220 [info] [Info  - 11:04:16] (1366) Auto-excluding /home/jaram/iot
2024-07-18 11:04:16.221 [info] [Info  - 11:04:16] (1366) Auto-excluding /home/jaram/myenv
2024-07-18 11:04:16.235 [info] [Info  - 11:04:16] (1366) Found 9 source files
2024-07-18 11:04:16.615 [info] [Info  - 11:04:16] (1366) Auto-excluding /home/jaram/iot
2024-07-18 11:04:16.616 [info] [Info  - 11:04:16] (1366) Auto-excluding /home/jaram/myenv
2024-07-18 11:04:16.655 [info] [Info  - 11:04:16] (1366) Found 9 source files
2024-07-18 11:17:57.900 [info] [Info  - 11:17:57] (1366) Indexer background runner(4) root directory: file:///home/jaram/.vscode-server/extensions/ms-python.vscode-pylance-2024.7.1/dist (refresh)
2024-07-18 11:17:57.901 [info] [Info  - 11:17:57] (1366) Indexing(4) started
2024-07-18 11:18:00.335 [info] [Info  - 11:18:00] (1366) [IDX(4)] Long operation: scan packages file:///home/jaram (2314ms)
2024-07-18 11:18:00.336 [info] [Info  - 11:18:00] (1366) scanned(4) 70 files over 1 exec env
2024-07-18 11:18:03.689 [info] [Info  - 11:18:03] (1366) [IDX(4)] Long operation: index execution environment file:///home/jaram (2518ms)
2024-07-18 11:18:03.690 [info] [Info  - 11:18:03] (1366) [IDX(4)] Long operation: index packages file:///home/jaram (2543ms)
2024-07-18 11:18:03.691 [info] [Info  - 11:18:03] (1366) indexed(4) 53 files over 1 exec env
2024-07-18 11:18:03.807 [info] [Info  - 11:18:03] (1366) Indexing finished(4).
2024-07-18 11:21:23.615 [info] [Info  - 11:21:23] (1366) Auto-excluding /home/jaram/iot
2024-07-18 11:21:23.616 [info] [Info  - 11:21:23] (1366) Auto-excluding /home/jaram/myenv
2024-07-18 11:21:23.635 [info] [Info  - 11:21:23] (1366) Found 10 source files
2024-07-18 11:21:49.603 [info] [Info  - 11:21:49] (1366) Auto-excluding /home/jaram/iot
2024-07-18 11:21:49.604 [info] [Info  - 11:21:49] (1366) Auto-excluding /home/jaram/myenv
2024-07-18 11:21:49.627 [info] [Info  - 11:21:49] (1366) Found 9 source files
2024-07-18 11:21:52.646 [info] [Info  - 11:21:52] (1366) Auto-excluding /home/jaram/iot
2024-07-18 11:21:52.647 [info] [Info  - 11:21:52] (1366) Auto-excluding /home/jaram/myenv
2024-07-18 11:21:52.662 [info] [Info  - 11:21:52] (1366) Found 10 source files
2024-07-18 11:28:30.533 [info] [Info  - 11:28:30] (1366) Auto-excluding /home/jaram/iot
2024-07-18 11:28:30.534 [info] [Info  - 11:28:30] (1366) Auto-excluding /home/jaram/myenv
2024-07-18 11:28:30.556 [info] [Info  - 11:28:30] (1366) Found 10 source files
2024-07-18 11:28:30.950 [info] [Info  - 11:28:30] (1366) Auto-excluding /home/jaram/iot
2024-07-18 11:28:30.953 [info] [Info  - 11:28:30] (1366) Auto-excluding /home/jaram/myenv
2024-07-18 11:28:30.982 [info] [Info  - 11:28:30] (1366) Found 10 source files
2024-07-18 11:40:18.858 [info] [Info  - 11:40:18] (1366) Setting pythonPath for service "jaram": "/home/jaram/cv_env/bin/python"
2024-07-18 11:40:18.859 [info] [Info  - 11:40:18] (1366) Setting environmentName for service "jaram": "3.11.2 (cv_env venv)"
2024-07-18 11:40:18.860 [info] [Info  - 11:40:18] (1366) No include entries specified; assuming /home/jaram
2024-07-18 11:40:18.860 [info] [Info  - 11:40:18] (1366) Auto-excluding **/node_modules
2024-07-18 11:40:18.861 [info] [Info  - 11:40:18] (1366) Auto-excluding **/__pycache__
2024-07-18 11:40:18.861 [info] [Info  - 11:40:18] (1366) Auto-excluding **/.*
2024-07-18 11:40:18.977 [info] [Info  - 11:40:18] (1366) Assuming Python version 3.11.2.final.0
2024-07-18 11:40:19.286 [info] [Info  - 11:40:19] (1366) Auto-excluding /home/jaram/cv_env
2024-07-18 11:40:19.287 [info] [Info  - 11:40:19] (1366) Auto-excluding /home/jaram/iot
2024-07-18 11:40:19.288 [info] [Info  - 11:40:19] (1366) Auto-excluding /home/jaram/myenv
2024-07-18 11:40:19.311 [info] [Info  - 11:40:19] (1366) Found 10 source files
2024-07-18 11:40:19.759 [info] [Info  - 11:40:19] (1366) Setting pythonPath for service "<default>": "/home/jaram/cv_env/bin/python"
2024-07-18 11:40:19.759 [info] [Info  - 11:40:19] (1366) Setting environmentName for service "<default>": "3.11.2 (cv_env venv)"
2024-07-18 11:40:19.760 [info] [Info  - 11:40:19] (1366) No include entries specified; assuming /<default workspace root>
2024-07-18 11:40:19.760 [info] [Info  - 11:40:19] (1366) Auto-excluding **/node_modules
2024-07-18 11:40:19.760 [info] [Info  - 11:40:19] (1366) Auto-excluding **/__pycache__
2024-07-18 11:40:19.761 [info] [Info  - 11:40:19] (1366) Auto-excluding **/.*
2024-07-18 11:40:19.919 [info] [Info  - 11:40:19] (1366) Assuming Python version 3.11.2.final.0
2024-07-18 11:40:20.233 [info] [Error - 11:40:20] (1366) File or directory "/<default workspace root>" does not exist.
2024-07-18 11:40:20.243 [info] [Info  - 11:40:20] (1366) No source files found.
2024-07-18 11:40:21.864 [info] [Info  - 11:40:21] (1366) Indexer background runner(5) root directory: file:///home/jaram/.vscode-server/extensions/ms-python.vscode-pylance-2024.7.1/dist (index)
2024-07-18 11:40:21.864 [info] [Info  - 11:40:21] (1366) Indexing(5) started
2024-07-18 11:40:23.519 [info] [Info  - 11:40:23] (1366) scanned(5) 14 files over 1 exec env
2024-07-18 11:40:24.899 [info] [Info  - 11:40:24] (1366) indexed(5) 5 files over 1 exec env
2024-07-18 11:40:24.951 [info] [Info  - 11:40:24] (1366) Indexing finished(5).
2024-07-18 11:44:07.083 [info] [Info  - 11:44:07] (1366) Auto-excluding /home/jaram/cv_env
2024-07-18 11:44:07.085 [info] [Info  - 11:44:07] (1366) Auto-excluding /home/jaram/iot
2024-07-18 11:44:07.103 [info] [Info  - 11:44:07] (1366) Found 10 source files
2024-07-18 11:49:13.651 [info] [Info  - 11:49:13] (1366) Auto-excluding /home/jaram/cv_env
2024-07-18 11:49:13.652 [info] [Info  - 11:49:13] (1366) Auto-excluding /home/jaram/iot
2024-07-18 11:49:13.695 [info] [Info  - 11:49:13] (1366) Found 11 source files
2024-07-18 11:51:13.378 [info] [Info  - 11:51:13] (1366) Auto-excluding /home/jaram/cv_env
2024-07-18 11:51:13.379 [info] [Info  - 11:51:13] (1366) Auto-excluding /home/jaram/iot
2024-07-18 11:51:13.408 [info] [Info  - 11:51:13] (1366) Found 10 source files
2024-07-18 11:51:44.015 [info] [Info  - 11:51:44] (1366) Auto-excluding /home/jaram/cv_env
2024-07-18 11:51:44.016 [info] [Info  - 11:51:44] (1366) Auto-excluding /home/jaram/iot
2024-07-18 11:51:44.044 [info] [Info  - 11:51:44] (1366) Found 11 source files
2024-07-18 11:52:10.001 [info] [Info  - 11:52:10] (1366) Auto-excluding /home/jaram/cv_env
2024-07-18 11:52:10.003 [info] [Info  - 11:52:10] (1366) Auto-excluding /home/jaram/iot
2024-07-18 11:52:10.055 [info] [Info  - 11:52:10] (1366) Found 11 source files
