2024-07-17 15:13:38.694 [info] (Client) Pylance async client (2024.7.1) started with python extension (2024.10.0)
2024-07-17 15:13:40.476 [info] [Info  - 15:13:40] (1006) Server root directory: file:///home/jaram/.vscode-server/extensions/ms-python.vscode-pylance-2024.7.1/dist
2024-07-17 15:13:40.480 [info] [Info  - 15:13:40] (1006) Experimental Pylance language server 2024.7.1 (pyright version 1.1.369, commit 1168be71) starting
2024-07-17 15:13:40.481 [info] [Info  - 15:13:40] (1006) Starting service instance "jaram"
2024-07-17 15:13:40.668 [info] [Info  - 15:13:40] (1006) Setting pythonPath for service "jaram": "/bin/python"
2024-07-17 15:13:40.670 [info] [Info  - 15:13:40] (1006) Setting environmentName for service "jaram": "3.11.2 (글로벌)"
2024-07-17 15:13:40.672 [info] [Info  - 15:13:40] (1006) No include entries specified; assuming /home/jaram
2024-07-17 15:13:40.682 [info] [Info  - 15:13:40] (1006) Auto-excluding **/node_modules
2024-07-17 15:13:40.683 [info] [Info  - 15:13:40] (1006) Auto-excluding **/__pycache__
2024-07-17 15:13:40.683 [info] [Info  - 15:13:40] (1006) Auto-excluding **/.*
2024-07-17 15:13:40.779 [info] [Info  - 15:13:40] (1006) Assuming Python version 3.11.2.final.0
2024-07-17 15:13:41.046 [info] [Info  - 15:13:41] (1006) Auto-excluding /home/jaram/myenv
2024-07-17 15:13:41.089 [info] [Info  - 15:13:41] (1006) Found 8 source files
2024-07-17 15:13:42.602 [info] [Info  - 15:13:42] (1006) Background analysis(1) root directory: file:///home/jaram/.vscode-server/extensions/ms-python.vscode-pylance-2024.7.1/dist
2024-07-17 15:13:42.606 [info] [Info  - 15:13:42] (1006) Background analysis(1) started
2024-07-17 15:13:43.599 [info] [Info  - 15:13:43] (1006) Indexer background runner(2) root directory: file:///home/jaram/.vscode-server/extensions/ms-python.vscode-pylance-2024.7.1/dist (index)
2024-07-17 15:13:43.599 [info] [Info  - 15:13:43] (1006) Indexing(2) started
2024-07-17 15:13:46.068 [info] [Info  - 15:13:46] (1006) [IDX(2)] Long operation: scan packages file:///home/jaram (2132ms)
2024-07-17 15:13:46.068 [info] [Info  - 15:13:46] (1006) scanned(2) 66 files over 1 exec env
2024-07-17 15:13:47.095 [info] [Info  - 15:13:47] (1006) indexed(2) 50 files over 1 exec env
2024-07-17 15:13:47.228 [info] [Info  - 15:13:47] (1006) Indexing finished(2).
