2024-07-17 15:13:36.712 [info] Experiment 'pythonaacf' is active
2024-07-17 15:13:36.712 [info] Experiment 'pythonCreateEnvOnPipInstall' is active
2024-07-17 15:13:36.712 [info] Experiment 'pythonRecommendTensorboardExt' is active
2024-07-17 15:13:36.712 [info] Experiment 'pythonTerminalEnvVarActivation' is active
2024-07-17 15:13:36.712 [info] Experiment 'pythonTestAdapter' is active
2024-07-17 15:13:36.712 [error] Reading directory to watch failed [Error: ENOENT: no such file or directory, scandir '/home/jaram/.pixi/envs'
	at Object.readdirSync (node:fs:1515:26)
	at /home/jaram/.vscode-server/extensions/ms-python.python-2024.10.0-linux-arm64/out/client/extension.js:2:574598
	at /home/jaram/.vscode-server/extensions/ms-python.python-2024.10.0-linux-arm64/out/client/extension.js:2:574789
	at Array.map (<anonymous>)
	at d.initWatchers (/home/jaram/.vscode-server/extensions/ms-python.python-2024.10.0-linux-arm64/out/client/extension.js:2:574507)
	at process.processTicksAndRejections (node:internal/process/task_queues:95:5)
	at async d.ensureWatchersReady (/home/jaram/.vscode-server/extensions/ms-python.python-2024.10.0-linux-arm64/out/client/extension.js:2:536827)] {
  errno: -2,
  code: 'ENOENT',
  syscall: 'scandir',
  path: '/home/jaram/.pixi/envs'
}
2024-07-17 15:13:36.712 [error] Dir "/home/jaram/.pixi/envs" is not watchable (directory does not exist)
2024-07-17 15:13:36.712 [info] Default formatter is set to esbenp.prettier-vscode for workspace /home/jaram
2024-07-17 15:13:36.712 [info] Python interpreter path: /bin/python
2024-07-17 15:13:36.730 [info] > pyenv which python
2024-07-17 15:13:36.730 [info] cwd: .
2024-07-17 15:13:37.508 [info] > pixi --version
2024-07-17 15:13:37.512 [error] [Error: spawn pixi ENOENT
	at ChildProcess._handle.onexit (node:internal/child_process:286:19)
	at onErrorNT (node:internal/child_process:484:16)
	at process.processTicksAndRejections (node:internal/process/task_queues:82:21)] {
  errno: -2,
  code: 'ENOENT',
  syscall: 'spawn pixi',
  path: 'pixi',
  spawnargs: [ '--version' ]
}
2024-07-17 15:13:37.513 [warning] could not find a pixi interpreter for the interpreter at /bin/python
2024-07-17 15:13:40.552 [info] Starting Pylance language server.
2024-07-17 15:14:56.278 [info] Discover tests for workspace name: jaram - uri: /home/jaram/projects/trial_b.py
