2024-07-17 15:13:36.712 [info] Starting Python Locator /home/jaram/.vscode-server/extensions/ms-python.python-2024.10.0-linux-arm64/python-env-tools/bin/pet server
2024-07-17 15:13:36.712 [info] Started Refreshing Environments
2024-07-17 15:13:36.712 [info] Discovered env: /home/jaram/myenv/bin/python
2024-07-17 15:13:36.712 [info] Discovered env: /home/jaram/.venv/bin/python
2024-07-17 15:13:36.730 [info] Discovered env: /usr/bin/python
2024-07-17 15:13:36.734 [info] Discovered env: /bin/python
2024-07-17 15:13:36.774 [info] Locator Conda took 34.009248ms
2024-07-17 15:13:36.774 [info] Locator Homebrew took 94.272µs
2024-07-17 15:13:36.775 [info] Locator LinuxGlobalPython took 479.242098ms
2024-07-17 15:13:36.775 [info] Locator PipEnv took 926ns
2024-07-17 15:13:36.775 [info] Locator Poetry took 153.223µs
2024-07-17 15:13:36.775 [info] Locator PyEnv took 1.502302ms
2024-07-17 15:13:36.776 [info] Locator Venv took 759ns
2024-07-17 15:13:36.776 [info] Locator VirtualEnv took 1.352µs
2024-07-17 15:13:36.776 [info] Locator VirtualEnvWrapper took 648ns
2024-07-17 15:13:36.776 [info] Environments found using locators in 482.421002ms
2024-07-17 15:13:36.776 [info] Environments in PATH found in 883.846882ms
2024-07-17 15:13:36.776 [info] Environments in global virtual env paths found in 150.612µs
2024-07-17 15:13:36.776 [info] Environments in custom search paths found in 155.364913ms
2024-07-17 15:13:36.777 [info] Refresh completed in 884ms
